#
# There is insufficient memory for the Java Runtime Environment to continue.
# Native memory allocation (mmap) failed to map 184549376 bytes for G1 virtual space
# Possible reasons:
#   The system is out of physical RAM or swap space
#   The process is running with CompressedOops enabled, and the Java Heap may be blocking the growth of the native heap
# Possible solutions:
#   Reduce memory load on the system
#   Increase physical memory or swap space
#   Check if swap backing store is full
#   Decrease Java heap size (-Xmx/-Xms)
#   Decrease number of Java threads
#   Decrease Java thread stack sizes (-Xss)
#   Set larger code cache with -XX:ReservedCodeCacheSize=
#   JVM is running with Zero Based Compressed Oops mode in which the Java heap is
#     placed in the first 32GB address space. The Java Heap base address is the
#     maximum limit for the native heap growth. Please use -XX:HeapBaseMinAddress
#     to set the Java Heap base and to place the Java Heap above 32GB virtual address.
# This output file may be truncated or incomplete.
#
#  Out of Memory Error (os_windows.cpp:3559), pid=17228, tid=18820
#
# JRE version: OpenJDK Runtime Environment Temurin-17.0.7+7 (17.0.7+7) (build 17.0.7+7)
# Java VM: OpenJDK 64-Bit Server VM Temurin-17.0.7+7 (17.0.7+7, mixed mode, sharing, tiered, compressed oops, compressed class ptrs, g1 gc, windows-amd64)
# No core dump will be written. Minidumps are not enabled by default on client versions of Windows
#

---------------  S U M M A R Y ------------

Command Line: -Djava.awt.headless=true -Dscanner.home=C:\Users\Youbitech\Downloads\sonar-scanner-cli-5.0.1.3006-windows\sonar-scanner-5.0.1.3006-windows\bin\.. -Dproject.home=C:\TP\Assistant-therapeutique-main org.sonarsource.scanner.cli.Main

Host: Intel(R) Core(TM) i7-6500U CPU @ 2.50GHz, 4 cores, 15G,  Windows 10 , 64 bit Build 19041 (10.0.19041.5915)
Time: Sun Dec 14 15:09:04 2025 Paris, Madrid elapsed time: 122.321097 seconds (0d 0h 2m 2s)

---------------  T H R E A D  ---------------

Current thread (0x0000028e7b710950):  VMThread "VM Thread" [stack: 0x000000cddf200000,0x000000cddf300000] [id=18820]

Stack: [0x000000cddf200000,0x000000cddf300000]
Native frames: (J=compiled Java code, j=interpreted, Vv=VM code, C=native code)
V  [jvm.dll+0x67754a]
V  [jvm.dll+0x834304]
V  [jvm.dll+0x835aae]
V  [jvm.dll+0x836113]
V  [jvm.dll+0x24696f]
V  [jvm.dll+0x6743f9]
V  [jvm.dll+0x668c8a]
V  [jvm.dll+0x3061bb]
V  [jvm.dll+0x30d6a6]
V  [jvm.dll+0x35cece]
V  [jvm.dll+0x35d0ff]
V  [jvm.dll+0x2dd048]
V  [jvm.dll+0x2e00d6]
V  [jvm.dll+0x2ea7a8]
V  [jvm.dll+0x31e8f0]
V  [jvm.dll+0x83a5bb]
V  [jvm.dll+0x83b2f4]
V  [jvm.dll+0x83b80c]
V  [jvm.dll+0x83bbe4]
V  [jvm.dll+0x83bcb0]
V  [jvm.dll+0x7e4e7a]
V  [jvm.dll+0x676395]
C  [ucrtbase.dll+0x21bb2]
C  [KERNEL32.DLL+0x17374]
C  [ntdll.dll+0x4cc91]

VM_Operation (0x000000cddeeff370): G1Concurrent, mode: safepoint, requested by thread 0x0000028e59c3b860


---------------  P R O C E S S  ---------------

Threads class SMR info:
_java_thread_list=0x0000028e069ab560, length=27, elements={
0x0000028e59bc1f20, 0x0000028e7b714c20, 0x0000028e7b7157a0, 0x0000028e7b727490,
0x0000028e7b728d60, 0x0000028e7b72b630, 0x0000028e7b72bef0, 0x0000028e7b730090,
0x0000028e04148140, 0x0000028e04149220, 0x0000028e042541c0, 0x0000028e0425ea40,
0x0000028e04404720, 0x0000028e04749560, 0x0000028e04746c60, 0x0000028e0557bc50,
0x0000028e0557b780, 0x0000028e0557e2d0, 0x0000028e0557de00, 0x0000028e08465f10,
0x0000028e0557c120, 0x0000028e0557ec70, 0x0000028e07a79210, 0x0000028e07a783a0,
0x0000028e07a78870, 0x0000028e07a7aa20, 0x0000028e134bf4a0
}

Java Threads: ( => current thread )
  0x0000028e59bc1f20 JavaThread "main" [_thread_blocked, id=21268, stack(0x000000cddec00000,0x000000cdded00000)]
  0x0000028e7b714c20 JavaThread "Reference Handler" daemon [_thread_blocked, id=2412, stack(0x000000cddf300000,0x000000cddf400000)]
  0x0000028e7b7157a0 JavaThread "Finalizer" daemon [_thread_blocked, id=5480, stack(0x000000cddf400000,0x000000cddf500000)]
  0x0000028e7b727490 JavaThread "Signal Dispatcher" daemon [_thread_blocked, id=22448, stack(0x000000cddf500000,0x000000cddf600000)]
  0x0000028e7b728d60 JavaThread "Attach Listener" daemon [_thread_blocked, id=21908, stack(0x000000cddf600000,0x000000cddf700000)]
  0x0000028e7b72b630 JavaThread "Service Thread" daemon [_thread_blocked, id=21944, stack(0x000000cddf700000,0x000000cddf800000)]
  0x0000028e7b72bef0 JavaThread "Monitor Deflation Thread" daemon [_thread_blocked, id=5112, stack(0x000000cddf800000,0x000000cddf900000)]
  0x0000028e7b730090 JavaThread "C2 CompilerThread0" daemon [_thread_blocked, id=13316, stack(0x000000cddf900000,0x000000cddfa00000)]
  0x0000028e04148140 JavaThread "C1 CompilerThread0" daemon [_thread_blocked, id=5832, stack(0x000000cddfa00000,0x000000cddfb00000)]
  0x0000028e04149220 JavaThread "Sweeper thread" daemon [_thread_blocked, id=18900, stack(0x000000cddfb00000,0x000000cddfc00000)]
  0x0000028e042541c0 JavaThread "Notification Thread" daemon [_thread_blocked, id=16436, stack(0x000000cddfc00000,0x000000cddfd00000)]
  0x0000028e0425ea40 JavaThread "Common-Cleaner" daemon [_thread_blocked, id=20748, stack(0x000000cddfe00000,0x000000cddff00000)]
  0x0000028e04404720 JavaThread "OkHttp sonarcloud.io" [_thread_in_native, id=15760, stack(0x000000cde0500000,0x000000cde0600000)]
  0x0000028e04749560 JavaThread "OkHttp ConnectionPool" daemon [_thread_blocked, id=21520, stack(0x000000cde0600000,0x000000cde0700000)]
  0x0000028e04746c60 JavaThread "OkHttp sonarcloud.io Writer" [_thread_blocked, id=19380, stack(0x000000cde0800000,0x000000cde0900000)]
  0x0000028e0557bc50 JavaThread "OkHttp sonarcloud.io" daemon [_thread_in_native, id=19184, stack(0x000000cde0b00000,0x000000cde0c00000)]
  0x0000028e0557b780 JavaThread "OkHttp api.sonarcloud.io" daemon [_thread_in_native, id=22464, stack(0x000000cde0c00000,0x000000cde0d00000)]
  0x0000028e0557e2d0 JavaThread "OkHttp TaskRunner" daemon [_thread_blocked, id=21964, stack(0x000000cde0e00000,0x000000cde0f00000)]
  0x0000028e0557de00 JavaThread "HttpClient-1-SelectorManager" daemon [_thread_in_native, id=12476, stack(0x000000cde1400000,0x000000cde1500000)]
  0x0000028e08465f10 JavaThread "Cleaner-0" daemon [_thread_blocked, id=20812, stack(0x000000cde1500000,0x000000cde1600000)]
  0x0000028e0557c120 JavaThread "Periodic tasks thread" daemon [_thread_blocked, id=21352, stack(0x000000cddea00000,0x000000cddeb00000)]
  0x0000028e0557ec70 JavaThread "ApplicationImpl pooled thread 1" daemon [_thread_blocked, id=3824, stack(0x000000cddeb00000,0x000000cddec00000)]
  0x0000028e07a79210 JavaThread "ForkJoinPool.commonPool-worker-1" daemon [_thread_blocked, id=14032, stack(0x000000cde0d00000,0x000000cde0e00000)]
  0x0000028e07a783a0 JavaThread "Java2D Disposer" daemon [_thread_blocked, id=17396, stack(0x000000cde0f00000,0x000000cde1000000)]
  0x0000028e07a78870 JavaThread "AWT-Windows" daemon [_thread_in_native, id=18652, stack(0x000000cde1200000,0x000000cde1300000)]
  0x0000028e07a7aa20 JavaThread "Progress of the Kotlin analysis" daemon [_thread_blocked, id=352, stack(0x000000cdde900000,0x000000cddea00000)]
  0x0000028e134bf4a0 JavaThread "C2 CompilerThread1" daemon [_thread_blocked, id=7392, stack(0x000000cde1100000,0x000000cde1200000)]

Other Threads:
=>0x0000028e7b710950 VMThread "VM Thread" [stack: 0x000000cddf200000,0x000000cddf300000] [id=18820]
  0x0000028e04254eb0 WatcherThread [stack: 0x000000cddfd00000,0x000000cddfe00000] [id=1856]
  0x0000028e59c2ac30 GCTaskThread "GC Thread#0" [stack: 0x000000cdded00000,0x000000cddee00000] [id=1488]
  0x0000028e0462d440 GCTaskThread "GC Thread#1" [stack: 0x000000cddff00000,0x000000cde0000000] [id=20652]
  0x0000028e04542850 GCTaskThread "GC Thread#2" [stack: 0x000000cde0000000,0x000000cde0100000] [id=7524]
  0x0000028e04542f10 GCTaskThread "GC Thread#3" [stack: 0x000000cde0100000,0x000000cde0200000] [id=17936]
  0x0000028e59c3b860 ConcurrentGCThread "G1 Main Marker" [stack: 0x000000cddee00000,0x000000cddef00000] [id=9232]
  0x0000028e59c3e830 ConcurrentGCThread "G1 Conc#0" [stack: 0x000000cddef00000,0x000000cddf000000] [id=15808]
  0x0000028e59c7d330 ConcurrentGCThread "G1 Refine#0" [stack: 0x000000cddf000000,0x000000cddf100000] [id=19588]
  0x0000028e04629bb0 ConcurrentGCThread "G1 Refine#1" [stack: 0x000000cde0200000,0x000000cde0300000] [id=13032]
  0x0000028e055bb230 ConcurrentGCThread "G1 Refine#2" [stack: 0x000000cde1000000,0x000000cde1100000] [id=20928]
  0x0000028e080859a0 ConcurrentGCThread "G1 Refine#3" [stack: 0x000000cde0700000,0x000000cde0800000] [id=13908]
  0x0000028e59c7eb70 ConcurrentGCThread "G1 Service" [stack: 0x000000cddf100000,0x000000cddf200000] [id=7696]

Threads with active compile tasks:
C2 CompilerThread0   122396 15107       4       com.intellij.psi.stubs.MaterialStubList::addStub (25 bytes)
C2 CompilerThread1   122396 15089   !   4       com.intellij.openapi.vfs.VfsUtilCore::visitChildrenRecursively (409 bytes)

VM state: at safepoint (normal execution)

VM Mutex/Monitor currently owned by a thread:  ([mutex/lock_event])
[0x0000028e59bbd0c0] Threads_lock - owner thread: 0x0000028e7b710950
[0x0000028e59bbdc90] Heap_lock - owner thread: 0x0000028e59c3b860

Heap address: 0x0000000701e00000, size: 4066 MB, Compressed Oops mode: Zero based, Oop shift amount: 3

CDS archive(s) mapped at: [0x0000000800000000-0x0000000800a60000-0x0000000800a60000), size 10878976, SharedBaseAddress: 0x0000000800000000, ArchiveRelocationMode: 0.
Compressed class space mapped at: 0x0000000801000000-0x0000000841000000, reserved size: 1073741824
Narrow klass base: 0x0000000800000000, Narrow klass shift: 0, Narrow klass range: 0x100000000

GC Precious Log:
 CPUs: 4 total, 4 available
 Memory: 16263M
 Large Page Support: Disabled
 NUMA Support: Disabled
 Compressed Oops: Enabled (Zero based)
 Heap Region Size: 2M
 Heap Min Capacity: 8M
 Heap Initial Capacity: 256M
 Heap Max Capacity: 4066M
 Pre-touch: Disabled
 Parallel Workers: 4
 Concurrent Workers: 1
 Concurrent Refinement Workers: 4
 Periodic GC: Disabled

Heap:
 garbage-first heap   total 561152K, used 440607K [0x0000000701e00000, 0x0000000800000000)
  region size 2048K, 30 young (61440K), 4 survivors (8192K)
 Metaspace       used 157226K, committed 158272K, reserved 1245184K
  class space    used 20016K, committed 20480K, reserved 1048576K

Heap Regions: E=young(eden), S=young(survivor), O=old, HS=humongous(starts), HC=humongous(continues), CS=collection set, F=free, OA=open archive, CA=closed archive, TAMS=top-at-mark-start (previous, next)
|   0|0x0000000701e00000, 0x0000000702000000, 0x0000000702000000|100%| O|  |TAMS 0x0000000702000000, 0x0000000701e00000| Untracked 
|   1|0x0000000702000000, 0x0000000702200000, 0x0000000702200000|100%|HS|  |TAMS 0x0000000702200000, 0x0000000702000000| Complete 
|   2|0x0000000702200000, 0x0000000702400000, 0x0000000702400000|100%|HC|  |TAMS 0x0000000702400000, 0x0000000702200000| Complete 
|   3|0x0000000702400000, 0x0000000702600000, 0x0000000702600000|100%| O|  |TAMS 0x0000000702600000, 0x0000000702400000| Updating 
|   4|0x0000000702600000, 0x0000000702800000, 0x0000000702800000|100%| O|  |TAMS 0x0000000702800000, 0x0000000702600000| Untracked 
|   5|0x0000000702800000, 0x0000000702a00000, 0x0000000702a00000|100%| O|  |TAMS 0x0000000702a00000, 0x0000000702800000| Updating 
|   6|0x0000000702a00000, 0x0000000702c00000, 0x0000000702c00000|100%| O|  |TAMS 0x0000000702c00000, 0x0000000702a00000| Updating 
|   7|0x0000000702c00000, 0x0000000702e00000, 0x0000000702e00000|100%| O|  |TAMS 0x0000000702e00000, 0x0000000702c00000| Updating 
|   8|0x0000000702e00000, 0x0000000703000000, 0x0000000703000000|100%| O|  |TAMS 0x0000000703000000, 0x0000000702e00000| Updating 
|   9|0x0000000703000000, 0x0000000703200000, 0x0000000703200000|100%| O|  |TAMS 0x0000000703200000, 0x0000000703000000| Untracked 
|  10|0x0000000703200000, 0x0000000703400000, 0x0000000703400000|100%| O|  |TAMS 0x0000000703400000, 0x0000000703200000| Untracked 
|  11|0x0000000703400000, 0x0000000703600000, 0x0000000703600000|100%| O|  |TAMS 0x0000000703600000, 0x0000000703400000| Untracked 
|  12|0x0000000703600000, 0x0000000703800000, 0x0000000703800000|100%|HS|  |TAMS 0x0000000703800000, 0x0000000703600000| Complete 
|  13|0x0000000703800000, 0x0000000703a00000, 0x0000000703a00000|100%| O|  |TAMS 0x0000000703a00000, 0x0000000703800000| Untracked 
|  14|0x0000000703a00000, 0x0000000703c00000, 0x0000000703c00000|100%| O|  |TAMS 0x0000000703c00000, 0x0000000703a00000| Untracked 
|  15|0x0000000703c00000, 0x0000000703e00000, 0x0000000703e00000|100%| O|  |TAMS 0x0000000703e00000, 0x0000000703c00000| Untracked 
|  16|0x0000000703e00000, 0x0000000704000000, 0x0000000704000000|100%| O|  |TAMS 0x0000000704000000, 0x0000000703e00000| Untracked 
|  17|0x0000000704000000, 0x0000000704200000, 0x0000000704200000|100%|HS|  |TAMS 0x0000000704200000, 0x0000000704000000| Complete 
|  18|0x0000000704200000, 0x0000000704400000, 0x0000000704400000|100%|HC|  |TAMS 0x0000000704400000, 0x0000000704200000| Complete 
|  19|0x0000000704400000, 0x0000000704600000, 0x0000000704600000|100%|HS|  |TAMS 0x0000000704600000, 0x0000000704400000| Complete 
|  20|0x0000000704600000, 0x0000000704800000, 0x0000000704800000|100%| O|  |TAMS 0x0000000704800000, 0x0000000704600000| Untracked 
|  21|0x0000000704800000, 0x0000000704a00000, 0x0000000704a00000|100%| O|  |TAMS 0x0000000704a00000, 0x0000000704800000| Untracked 
|  22|0x0000000704a00000, 0x0000000704c00000, 0x0000000704c00000|100%| O|  |TAMS 0x0000000704c00000, 0x0000000704a00000| Untracked 
|  23|0x0000000704c00000, 0x0000000704e00000, 0x0000000704e00000|100%|HS|  |TAMS 0x0000000704e00000, 0x0000000704c00000| Complete 
|  24|0x0000000704e00000, 0x0000000705000000, 0x0000000705000000|100%| O|  |TAMS 0x0000000705000000, 0x0000000704e00000| Updating 
|  25|0x0000000705000000, 0x0000000705200000, 0x0000000705200000|100%| O|  |TAMS 0x0000000705200000, 0x0000000705000000| Untracked 
|  26|0x0000000705200000, 0x0000000705400000, 0x0000000705400000|100%| O|  |TAMS 0x0000000705400000, 0x0000000705200000| Updating 
|  27|0x0000000705400000, 0x0000000705600000, 0x0000000705600000|100%| O|  |TAMS 0x0000000705600000, 0x0000000705400000| Untracked 
|  28|0x0000000705600000, 0x0000000705800000, 0x0000000705800000|100%| O|  |TAMS 0x0000000705800000, 0x0000000705600000| Untracked 
|  29|0x0000000705800000, 0x0000000705a00000, 0x0000000705a00000|100%| O|  |TAMS 0x0000000705a00000, 0x0000000705800000| Updating 
|  30|0x0000000705a00000, 0x0000000705c00000, 0x0000000705c00000|100%| O|  |TAMS 0x0000000705c00000, 0x0000000705a00000| Updating 
|  31|0x0000000705c00000, 0x0000000705e00000, 0x0000000705e00000|100%| O|  |TAMS 0x0000000705e00000, 0x0000000705c00000| Untracked 
|  32|0x0000000705e00000, 0x0000000706000000, 0x0000000706000000|100%| O|  |TAMS 0x0000000706000000, 0x0000000705e00000| Untracked 
|  33|0x0000000706000000, 0x0000000706200000, 0x0000000706200000|100%| O|  |TAMS 0x0000000706200000, 0x0000000706000000| Untracked 
|  34|0x0000000706200000, 0x0000000706400000, 0x0000000706400000|100%| O|  |TAMS 0x0000000706400000, 0x0000000706200000| Untracked 
|  35|0x0000000706400000, 0x0000000706600000, 0x0000000706600000|100%| O|  |TAMS 0x0000000706600000, 0x0000000706400000| Untracked 
|  36|0x0000000706600000, 0x0000000706800000, 0x0000000706800000|100%| O|  |TAMS 0x0000000706800000, 0x0000000706600000| Untracked 
|  37|0x0000000706800000, 0x0000000706a00000, 0x0000000706a00000|100%| O|  |TAMS 0x0000000706a00000, 0x0000000706800000| Untracked 
|  38|0x0000000706a00000, 0x0000000706c00000, 0x0000000706c00000|100%| O|  |TAMS 0x0000000706c00000, 0x0000000706a00000| Updating 
|  39|0x0000000706c00000, 0x0000000706e00000, 0x0000000706e00000|100%| O|  |TAMS 0x0000000706e00000, 0x0000000706c00000| Untracked 
|  40|0x0000000706e00000, 0x0000000707000000, 0x0000000707000000|100%| O|  |TAMS 0x0000000707000000, 0x0000000706e00000| Untracked 
|  41|0x0000000707000000, 0x0000000707200000, 0x0000000707200000|100%| O|  |TAMS 0x0000000707200000, 0x0000000707000000| Updating 
|  42|0x0000000707200000, 0x0000000707400000, 0x0000000707400000|100%| O|  |TAMS 0x0000000707400000, 0x0000000707200000| Updating 
|  43|0x0000000707400000, 0x0000000707600000, 0x0000000707600000|100%| O|  |TAMS 0x0000000707600000, 0x0000000707400000| Untracked 
|  44|0x0000000707600000, 0x0000000707800000, 0x0000000707800000|100%| O|  |TAMS 0x0000000707800000, 0x0000000707600000| Untracked 
|  45|0x0000000707800000, 0x0000000707a00000, 0x0000000707a00000|100%| O|  |TAMS 0x0000000707a00000, 0x0000000707800000| Updating 
|  46|0x0000000707a00000, 0x0000000707c00000, 0x0000000707c00000|100%| O|  |TAMS 0x0000000707c00000, 0x0000000707a00000| Untracked 
|  47|0x0000000707c00000, 0x0000000707e00000, 0x0000000707e00000|100%| O|  |TAMS 0x0000000707e00000, 0x0000000707c00000| Updating 
|  48|0x0000000707e00000, 0x0000000708000000, 0x0000000708000000|100%| O|  |TAMS 0x0000000708000000, 0x0000000707e00000| Updating 
|  49|0x0000000708000000, 0x0000000708200000, 0x0000000708200000|100%| O|  |TAMS 0x0000000708200000, 0x0000000708000000| Updating 
|  50|0x0000000708200000, 0x0000000708400000, 0x0000000708400000|100%| O|  |TAMS 0x0000000708400000, 0x0000000708200000| Updating 
|  51|0x0000000708400000, 0x0000000708600000, 0x0000000708600000|100%| O|  |TAMS 0x0000000708600000, 0x0000000708400000| Updating 
|  52|0x0000000708600000, 0x0000000708800000, 0x0000000708800000|100%| O|  |TAMS 0x0000000708800000, 0x0000000708600000| Updating 
|  53|0x0000000708800000, 0x0000000708a00000, 0x0000000708a00000|100%| O|  |TAMS 0x0000000708a00000, 0x0000000708800000| Untracked 
|  54|0x0000000708a00000, 0x0000000708c00000, 0x0000000708c00000|100%| O|  |TAMS 0x0000000708c00000, 0x0000000708a00000| Updating 
|  55|0x0000000708c00000, 0x0000000708e00000, 0x0000000708e00000|100%| O|  |TAMS 0x0000000708e00000, 0x0000000708c00000| Untracked 
|  56|0x0000000708e00000, 0x0000000709000000, 0x0000000709000000|100%| O|  |TAMS 0x0000000709000000, 0x0000000708e00000| Untracked 
|  57|0x0000000709000000, 0x0000000709200000, 0x0000000709200000|100%| O|  |TAMS 0x0000000709200000, 0x0000000709000000| Untracked 
|  58|0x0000000709200000, 0x0000000709400000, 0x0000000709400000|100%| O|  |TAMS 0x0000000709400000, 0x0000000709200000| Untracked 
|  59|0x0000000709400000, 0x0000000709600000, 0x0000000709600000|100%| O|  |TAMS 0x0000000709600000, 0x0000000709400000| Untracked 
|  60|0x0000000709600000, 0x0000000709800000, 0x0000000709800000|100%| O|  |TAMS 0x0000000709800000, 0x0000000709600000| Untracked 
|  61|0x0000000709800000, 0x0000000709a00000, 0x0000000709a00000|100%| O|  |TAMS 0x0000000709a00000, 0x0000000709800000| Untracked 
|  62|0x0000000709a00000, 0x0000000709c00000, 0x0000000709c00000|100%| O|  |TAMS 0x0000000709c00000, 0x0000000709a00000| Untracked 
|  63|0x0000000709c00000, 0x0000000709e00000, 0x0000000709e00000|100%| O|  |TAMS 0x0000000709e00000, 0x0000000709c00000| Untracked 
|  64|0x0000000709e00000, 0x000000070a000000, 0x000000070a000000|100%| O|  |TAMS 0x000000070a000000, 0x0000000709e00000| Untracked 
|  65|0x000000070a000000, 0x000000070a200000, 0x000000070a200000|100%| O|  |TAMS 0x000000070a200000, 0x000000070a000000| Untracked 
|  66|0x000000070a200000, 0x000000070a400000, 0x000000070a400000|100%| O|  |TAMS 0x000000070a400000, 0x000000070a200000| Untracked 
|  67|0x000000070a400000, 0x000000070a600000, 0x000000070a600000|100%| O|  |TAMS 0x000000070a600000, 0x000000070a400000| Untracked 
|  68|0x000000070a600000, 0x000000070a800000, 0x000000070a800000|100%| O|  |TAMS 0x000000070a800000, 0x000000070a600000| Untracked 
|  69|0x000000070a800000, 0x000000070aa00000, 0x000000070aa00000|100%| O|  |TAMS 0x000000070aa00000, 0x000000070a800000| Untracked 
|  70|0x000000070aa00000, 0x000000070ac00000, 0x000000070ac00000|100%| O|  |TAMS 0x000000070ac00000, 0x000000070aa00000| Untracked 
|  71|0x000000070ac00000, 0x000000070ae00000, 0x000000070ae00000|100%| O|  |TAMS 0x000000070ae00000, 0x000000070ac00000| Updating 
|  72|0x000000070ae00000, 0x000000070b000000, 0x000000070b000000|100%| O|  |TAMS 0x000000070b000000, 0x000000070ae00000| Untracked 
|  73|0x000000070b000000, 0x000000070b200000, 0x000000070b200000|100%| O|  |TAMS 0x000000070b200000, 0x000000070b000000| Untracked 
|  74|0x000000070b200000, 0x000000070b400000, 0x000000070b400000|100%| O|  |TAMS 0x000000070b400000, 0x000000070b200000| Untracked 
|  75|0x000000070b400000, 0x000000070b600000, 0x000000070b600000|100%| O|  |TAMS 0x000000070b600000, 0x000000070b400000| Untracked 
|  76|0x000000070b600000, 0x000000070b800000, 0x000000070b800000|100%| O|  |TAMS 0x000000070b800000, 0x000000070b600000| Untracked 
|  77|0x000000070b800000, 0x000000070ba00000, 0x000000070ba00000|100%| O|  |TAMS 0x000000070ba00000, 0x000000070b800000| Untracked 
|  78|0x000000070ba00000, 0x000000070bc00000, 0x000000070bc00000|100%| O|  |TAMS 0x000000070bc00000, 0x000000070ba00000| Untracked 
|  79|0x000000070bc00000, 0x000000070be00000, 0x000000070be00000|100%| O|  |TAMS 0x000000070be00000, 0x000000070bc00000| Untracked 
|  80|0x000000070be00000, 0x000000070c000000, 0x000000070c000000|100%| O|  |TAMS 0x000000070c000000, 0x000000070be00000| Updating 
|  81|0x000000070c000000, 0x000000070c200000, 0x000000070c200000|100%| O|  |TAMS 0x000000070c200000, 0x000000070c000000| Untracked 
|  82|0x000000070c200000, 0x000000070c400000, 0x000000070c400000|100%| O|  |TAMS 0x000000070c400000, 0x000000070c200000| Untracked 
|  83|0x000000070c400000, 0x000000070c600000, 0x000000070c600000|100%| O|  |TAMS 0x000000070c600000, 0x000000070c400000| Untracked 
|  84|0x000000070c600000, 0x000000070c800000, 0x000000070c800000|100%| O|  |TAMS 0x000000070c800000, 0x000000070c600000| Untracked 
|  85|0x000000070c800000, 0x000000070ca00000, 0x000000070ca00000|100%| O|  |TAMS 0x000000070ca00000, 0x000000070c800000| Untracked 
|  86|0x000000070ca00000, 0x000000070cc00000, 0x000000070cc00000|100%| O|  |TAMS 0x000000070cc00000, 0x000000070ca00000| Untracked 
|  87|0x000000070cc00000, 0x000000070ce00000, 0x000000070ce00000|100%| O|  |TAMS 0x000000070ce00000, 0x000000070cc00000| Updating 
|  88|0x000000070ce00000, 0x000000070d000000, 0x000000070d000000|100%| O|  |TAMS 0x000000070d000000, 0x000000070ce00000| Untracked 
|  89|0x000000070d000000, 0x000000070d200000, 0x000000070d200000|100%| O|  |TAMS 0x000000070d200000, 0x000000070d000000| Untracked 
|  90|0x000000070d200000, 0x000000070d400000, 0x000000070d400000|100%| O|  |TAMS 0x000000070d400000, 0x000000070d200000| Untracked 
|  91|0x000000070d400000, 0x000000070d600000, 0x000000070d600000|100%| O|  |TAMS 0x000000070d600000, 0x000000070d400000| Updating 
|  92|0x000000070d600000, 0x000000070d800000, 0x000000070d800000|100%| O|  |TAMS 0x000000070d800000, 0x000000070d600000| Updating 
|  93|0x000000070d800000, 0x000000070da00000, 0x000000070da00000|100%| O|  |TAMS 0x000000070da00000, 0x000000070d800000| Untracked 
|  94|0x000000070da00000, 0x000000070dc00000, 0x000000070dc00000|100%| O|  |TAMS 0x000000070dc00000, 0x000000070da00000| Untracked 
|  95|0x000000070dc00000, 0x000000070de00000, 0x000000070de00000|100%| O|  |TAMS 0x000000070de00000, 0x000000070dc00000| Untracked 
|  96|0x000000070de00000, 0x000000070e000000, 0x000000070e000000|100%| O|  |TAMS 0x000000070e000000, 0x000000070de00000| Untracked 
|  97|0x000000070e000000, 0x000000070e200000, 0x000000070e200000|100%| O|  |TAMS 0x000000070e200000, 0x000000070e000000| Untracked 
|  98|0x000000070e200000, 0x000000070e400000, 0x000000070e400000|100%| O|  |TAMS 0x000000070e400000, 0x000000070e200000| Untracked 
|  99|0x000000070e400000, 0x000000070e600000, 0x000000070e600000|100%| O|  |TAMS 0x000000070e600000, 0x000000070e400000| Untracked 
| 100|0x000000070e600000, 0x000000070e800000, 0x000000070e800000|100%| O|  |TAMS 0x000000070e800000, 0x000000070e600000| Untracked 
| 101|0x000000070e800000, 0x000000070ea00000, 0x000000070ea00000|100%| O|  |TAMS 0x000000070ea00000, 0x000000070e800000| Untracked 
| 102|0x000000070ea00000, 0x000000070ec00000, 0x000000070ec00000|100%| O|  |TAMS 0x000000070ec00000, 0x000000070ea00000| Untracked 
| 103|0x000000070ec00000, 0x000000070ee00000, 0x000000070ee00000|100%| O|  |TAMS 0x000000070ee00000, 0x000000070ec00000| Untracked 
| 104|0x000000070ee00000, 0x000000070f000000, 0x000000070f000000|100%| O|  |TAMS 0x000000070f000000, 0x000000070ee00000| Untracked 
| 105|0x000000070f000000, 0x000000070f200000, 0x000000070f200000|100%| O|  |TAMS 0x000000070f200000, 0x000000070f000000| Untracked 
| 106|0x000000070f200000, 0x000000070f400000, 0x000000070f400000|100%| O|  |TAMS 0x000000070f400000, 0x000000070f200000| Untracked 
| 107|0x000000070f400000, 0x000000070f600000, 0x000000070f600000|100%| O|  |TAMS 0x000000070f600000, 0x000000070f400000| Untracked 
| 108|0x000000070f600000, 0x000000070f800000, 0x000000070f800000|100%| O|  |TAMS 0x000000070f800000, 0x000000070f600000| Untracked 
| 109|0x000000070f800000, 0x000000070fa00000, 0x000000070fa00000|100%| O|  |TAMS 0x000000070fa00000, 0x000000070f800000| Untracked 
| 110|0x000000070fa00000, 0x000000070fc00000, 0x000000070fc00000|100%| O|  |TAMS 0x000000070fc00000, 0x000000070fa00000| Untracked 
| 111|0x000000070fc00000, 0x000000070fe00000, 0x000000070fe00000|100%| O|  |TAMS 0x000000070fe00000, 0x000000070fc00000| Untracked 
| 112|0x000000070fe00000, 0x0000000710000000, 0x0000000710000000|100%| O|  |TAMS 0x0000000710000000, 0x000000070fe00000| Untracked 
| 113|0x0000000710000000, 0x0000000710200000, 0x0000000710200000|100%| O|  |TAMS 0x0000000710200000, 0x0000000710000000| Untracked 
| 114|0x0000000710200000, 0x0000000710400000, 0x0000000710400000|100%| O|  |TAMS 0x0000000710400000, 0x0000000710200000| Untracked 
| 115|0x0000000710400000, 0x0000000710600000, 0x0000000710600000|100%| O|  |TAMS 0x0000000710600000, 0x0000000710400000| Untracked 
| 116|0x0000000710600000, 0x0000000710800000, 0x0000000710800000|100%| O|  |TAMS 0x0000000710800000, 0x0000000710600000| Untracked 
| 117|0x0000000710800000, 0x0000000710a00000, 0x0000000710a00000|100%| O|  |TAMS 0x0000000710a00000, 0x0000000710800000| Untracked 
| 118|0x0000000710a00000, 0x0000000710c00000, 0x0000000710c00000|100%| O|  |TAMS 0x0000000710c00000, 0x0000000710a00000| Untracked 
| 119|0x0000000710c00000, 0x0000000710e00000, 0x0000000710e00000|100%| O|  |TAMS 0x0000000710e00000, 0x0000000710c00000| Untracked 
| 120|0x0000000710e00000, 0x0000000711000000, 0x0000000711000000|100%| O|  |TAMS 0x0000000711000000, 0x0000000710e00000| Untracked 
| 121|0x0000000711000000, 0x0000000711200000, 0x0000000711200000|100%| O|  |TAMS 0x0000000711200000, 0x0000000711000000| Untracked 
| 122|0x0000000711200000, 0x0000000711400000, 0x0000000711400000|100%| O|  |TAMS 0x0000000711400000, 0x0000000711200000| Updating 
| 123|0x0000000711400000, 0x0000000711600000, 0x0000000711600000|100%| O|  |TAMS 0x0000000711600000, 0x0000000711400000| Updating 
| 124|0x0000000711600000, 0x0000000711800000, 0x0000000711800000|100%| O|  |TAMS 0x0000000711800000, 0x0000000711600000| Untracked 
| 125|0x0000000711800000, 0x0000000711a00000, 0x0000000711a00000|100%| O|  |TAMS 0x0000000711a00000, 0x0000000711800000| Untracked 
| 126|0x0000000711a00000, 0x0000000711c00000, 0x0000000711c00000|100%| O|  |TAMS 0x0000000711c00000, 0x0000000711a00000| Untracked 
| 127|0x0000000711c00000, 0x0000000711e00000, 0x0000000711e00000|100%| O|  |TAMS 0x0000000711e00000, 0x0000000711c00000| Untracked 
| 128|0x0000000711e00000, 0x0000000712000000, 0x0000000712000000|100%| O|  |TAMS 0x0000000712000000, 0x0000000711e00000| Untracked 
| 129|0x0000000712000000, 0x0000000712200000, 0x0000000712200000|100%| O|  |TAMS 0x0000000712200000, 0x0000000712000000| Untracked 
| 130|0x0000000712200000, 0x0000000712400000, 0x0000000712400000|100%| O|  |TAMS 0x0000000712400000, 0x0000000712200000| Untracked 
| 131|0x0000000712400000, 0x0000000712600000, 0x0000000712600000|100%| O|  |TAMS 0x0000000712600000, 0x0000000712400000| Updating 
| 132|0x0000000712600000, 0x0000000712800000, 0x0000000712800000|100%| O|  |TAMS 0x0000000712800000, 0x0000000712600000| Updating 
| 133|0x0000000712800000, 0x0000000712a00000, 0x0000000712a00000|100%| O|  |TAMS 0x0000000712a00000, 0x0000000712800000| Untracked 
| 134|0x0000000712a00000, 0x0000000712c00000, 0x0000000712c00000|100%| O|  |TAMS 0x0000000712c00000, 0x0000000712a00000| Untracked 
| 135|0x0000000712c00000, 0x0000000712e00000, 0x0000000712e00000|100%| O|  |TAMS 0x0000000712e00000, 0x0000000712c00000| Untracked 
| 136|0x0000000712e00000, 0x0000000713000000, 0x0000000713000000|100%| O|  |TAMS 0x0000000713000000, 0x0000000712e00000| Untracked 
| 137|0x0000000713000000, 0x0000000713200000, 0x0000000713200000|100%| O|  |TAMS 0x0000000713200000, 0x0000000713000000| Untracked 
| 138|0x0000000713200000, 0x0000000713400000, 0x0000000713400000|100%| O|  |TAMS 0x0000000713400000, 0x0000000713200000| Untracked 
| 139|0x0000000713400000, 0x0000000713600000, 0x0000000713600000|100%| O|  |TAMS 0x0000000713600000, 0x0000000713400000| Untracked 
| 140|0x0000000713600000, 0x0000000713800000, 0x0000000713800000|100%| O|  |TAMS 0x0000000713800000, 0x0000000713600000| Untracked 
| 141|0x0000000713800000, 0x0000000713a00000, 0x0000000713a00000|100%| O|  |TAMS 0x0000000713a00000, 0x0000000713800000| Untracked 
| 142|0x0000000713a00000, 0x0000000713c00000, 0x0000000713c00000|100%| O|  |TAMS 0x0000000713c00000, 0x0000000713a00000| Untracked 
| 143|0x0000000713c00000, 0x0000000713e00000, 0x0000000713e00000|100%| O|  |TAMS 0x0000000713e00000, 0x0000000713c00000| Untracked 
| 144|0x0000000713e00000, 0x0000000714000000, 0x0000000714000000|100%| O|  |TAMS 0x0000000714000000, 0x0000000713e00000| Untracked 
| 145|0x0000000714000000, 0x0000000714200000, 0x0000000714200000|100%| O|  |TAMS 0x0000000714200000, 0x0000000714000000| Untracked 
| 146|0x0000000714200000, 0x0000000714400000, 0x0000000714400000|100%| O|  |TAMS 0x0000000714400000, 0x0000000714200000| Untracked 
| 147|0x0000000714400000, 0x0000000714600000, 0x0000000714600000|100%| O|  |TAMS 0x0000000714600000, 0x0000000714400000| Untracked 
| 148|0x0000000714600000, 0x0000000714800000, 0x0000000714800000|100%| O|  |TAMS 0x0000000714800000, 0x0000000714600000| Untracked 
| 149|0x0000000714800000, 0x0000000714a00000, 0x0000000714a00000|100%| O|  |TAMS 0x0000000714a00000, 0x0000000714800000| Untracked 
| 150|0x0000000714a00000, 0x0000000714c00000, 0x0000000714c00000|100%| O|  |TAMS 0x0000000714c00000, 0x0000000714a00000| Untracked 
| 151|0x0000000714c00000, 0x0000000714e00000, 0x0000000714e00000|100%| O|  |TAMS 0x0000000714e00000, 0x0000000714c00000| Updating 
| 152|0x0000000714e00000, 0x0000000715000000, 0x0000000715000000|100%| O|  |TAMS 0x0000000715000000, 0x0000000714e00000| Updating 
| 153|0x0000000715000000, 0x0000000715200000, 0x0000000715200000|100%| O|  |TAMS 0x0000000715200000, 0x0000000715000000| Untracked 
| 154|0x0000000715200000, 0x0000000715400000, 0x0000000715400000|100%| O|  |TAMS 0x0000000715400000, 0x0000000715200000| Untracked 
| 155|0x0000000715400000, 0x0000000715600000, 0x0000000715600000|100%| O|  |TAMS 0x0000000715600000, 0x0000000715400000| Untracked 
| 156|0x0000000715600000, 0x0000000715800000, 0x0000000715800000|100%| O|  |TAMS 0x0000000715800000, 0x0000000715600000| Untracked 
| 157|0x0000000715800000, 0x0000000715a00000, 0x0000000715a00000|100%| O|  |TAMS 0x0000000715a00000, 0x0000000715800000| Untracked 
| 158|0x0000000715a00000, 0x0000000715c00000, 0x0000000715c00000|100%| O|  |TAMS 0x0000000715c00000, 0x0000000715a00000| Updating 
| 159|0x0000000715c00000, 0x0000000715e00000, 0x0000000715e00000|100%| O|  |TAMS 0x0000000715e00000, 0x0000000715c00000| Updating 
| 160|0x0000000715e00000, 0x0000000716000000, 0x0000000716000000|100%| O|  |TAMS 0x0000000716000000, 0x0000000715e00000| Updating 
| 161|0x0000000716000000, 0x0000000716200000, 0x0000000716200000|100%| O|  |TAMS 0x0000000716200000, 0x0000000716000000| Updating 
| 162|0x0000000716200000, 0x0000000716400000, 0x0000000716400000|100%| O|  |TAMS 0x0000000716400000, 0x0000000716200000| Updating 
| 163|0x0000000716400000, 0x0000000716600000, 0x0000000716600000|100%| O|  |TAMS 0x0000000716600000, 0x0000000716400000| Untracked 
| 164|0x0000000716600000, 0x0000000716800000, 0x0000000716800000|100%| O|  |TAMS 0x0000000716800000, 0x0000000716600000| Untracked 
| 165|0x0000000716800000, 0x0000000716a00000, 0x0000000716a00000|100%| O|  |TAMS 0x0000000716a00000, 0x0000000716800000| Untracked 
| 166|0x0000000716a00000, 0x0000000716c00000, 0x0000000716c00000|100%| O|  |TAMS 0x0000000716c00000, 0x0000000716a00000| Untracked 
| 167|0x0000000716c00000, 0x0000000716e00000, 0x0000000716e00000|100%| O|  |TAMS 0x0000000716e00000, 0x0000000716c00000| Untracked 
| 168|0x0000000716e00000, 0x0000000717000000, 0x0000000717000000|100%| O|  |TAMS 0x0000000717000000, 0x0000000716e00000| Untracked 
| 169|0x0000000717000000, 0x0000000717200000, 0x0000000717200000|100%| O|  |TAMS 0x0000000717200000, 0x0000000717000000| Untracked 
| 170|0x0000000717200000, 0x0000000717400000, 0x0000000717400000|100%| O|  |TAMS 0x0000000717400000, 0x0000000717200000| Untracked 
| 171|0x0000000717400000, 0x0000000717600000, 0x0000000717600000|100%| O|  |TAMS 0x0000000717600000, 0x0000000717400000| Untracked 
| 172|0x0000000717600000, 0x0000000717800000, 0x0000000717800000|100%| O|  |TAMS 0x0000000717800000, 0x0000000717600000| Untracked 
| 173|0x0000000717800000, 0x0000000717a00000, 0x0000000717a00000|100%| O|  |TAMS 0x0000000717a00000, 0x0000000717800000| Untracked 
| 174|0x0000000717a00000, 0x0000000717c00000, 0x0000000717c00000|100%| O|  |TAMS 0x0000000717c00000, 0x0000000717a00000| Untracked 
| 175|0x0000000717c00000, 0x0000000717e00000, 0x0000000717e00000|100%| O|  |TAMS 0x0000000717e00000, 0x0000000717c00000| Untracked 
| 176|0x0000000717e00000, 0x0000000718000000, 0x0000000718000000|100%| O|  |TAMS 0x0000000718000000, 0x0000000717e00000| Updating 
| 177|0x0000000718000000, 0x0000000718000000, 0x0000000718200000|  0%| F|  |TAMS 0x0000000718000000, 0x0000000718000000| Untracked 
| 178|0x0000000718200000, 0x0000000718200000, 0x0000000718400000|  0%| F|  |TAMS 0x0000000718200000, 0x0000000718200000| Untracked 
| 179|0x0000000718400000, 0x0000000718400000, 0x0000000718600000|  0%| F|  |TAMS 0x0000000718400000, 0x0000000718400000| Untracked 
| 180|0x0000000718600000, 0x0000000718600000, 0x0000000718800000|  0%| F|  |TAMS 0x0000000718600000, 0x0000000718600000| Untracked 
| 181|0x0000000718800000, 0x0000000718800000, 0x0000000718a00000|  0%| F|  |TAMS 0x0000000718800000, 0x0000000718800000| Untracked 
| 182|0x0000000718a00000, 0x0000000718a00000, 0x0000000718c00000|  0%| F|  |TAMS 0x0000000718a00000, 0x0000000718a00000| Untracked 
| 183|0x0000000718c00000, 0x0000000718c00000, 0x0000000718e00000|  0%| F|  |TAMS 0x0000000718c00000, 0x0000000718c00000| Untracked 
| 184|0x0000000718e00000, 0x0000000718e00000, 0x0000000719000000|  0%| F|  |TAMS 0x0000000718e00000, 0x0000000718e00000| Untracked 
| 185|0x0000000719000000, 0x0000000719000000, 0x0000000719200000|  0%| F|  |TAMS 0x0000000719000000, 0x0000000719000000| Untracked 
| 186|0x0000000719200000, 0x0000000719200000, 0x0000000719400000|  0%| F|  |TAMS 0x0000000719200000, 0x0000000719200000| Untracked 
| 187|0x0000000719400000, 0x0000000719400000, 0x0000000719600000|  0%| F|  |TAMS 0x0000000719400000, 0x0000000719400000| Untracked 
| 188|0x0000000719600000, 0x0000000719600000, 0x0000000719800000|  0%| F|  |TAMS 0x0000000719600000, 0x0000000719600000| Untracked 
| 189|0x0000000719800000, 0x0000000719800000, 0x0000000719a00000|  0%| F|  |TAMS 0x0000000719800000, 0x0000000719800000| Untracked 
| 190|0x0000000719a00000, 0x0000000719a00000, 0x0000000719c00000|  0%| F|  |TAMS 0x0000000719a00000, 0x0000000719a00000| Untracked 
| 191|0x0000000719c00000, 0x0000000719c00000, 0x0000000719e00000|  0%| F|  |TAMS 0x0000000719c00000, 0x0000000719c00000| Untracked 
| 192|0x0000000719e00000, 0x0000000719e00000, 0x000000071a000000|  0%| F|  |TAMS 0x0000000719e00000, 0x0000000719e00000| Untracked 
| 193|0x000000071a000000, 0x000000071a000000, 0x000000071a200000|  0%| F|  |TAMS 0x000000071a000000, 0x000000071a000000| Untracked 
| 194|0x000000071a200000, 0x000000071a200000, 0x000000071a400000|  0%| F|  |TAMS 0x000000071a200000, 0x000000071a200000| Untracked 
| 195|0x000000071a400000, 0x000000071a400000, 0x000000071a600000|  0%| F|  |TAMS 0x000000071a400000, 0x000000071a400000| Untracked 
| 196|0x000000071a600000, 0x000000071a600000, 0x000000071a800000|  0%| F|  |TAMS 0x000000071a600000, 0x000000071a600000| Untracked 
| 197|0x000000071a800000, 0x000000071a800000, 0x000000071aa00000|  0%| F|  |TAMS 0x000000071a800000, 0x000000071a800000| Untracked 
| 198|0x000000071aa00000, 0x000000071aa00000, 0x000000071ac00000|  0%| F|  |TAMS 0x000000071aa00000, 0x000000071aa00000| Untracked 
| 199|0x000000071ac00000, 0x000000071ac00000, 0x000000071ae00000|  0%| F|  |TAMS 0x000000071ac00000, 0x000000071ac00000| Untracked 
| 200|0x000000071ae00000, 0x000000071ae00000, 0x000000071b000000|  0%| F|  |TAMS 0x000000071ae00000, 0x000000071ae00000| Untracked 
| 201|0x000000071b000000, 0x000000071b000000, 0x000000071b200000|  0%| F|  |TAMS 0x000000071b000000, 0x000000071b000000| Untracked 
| 202|0x000000071b200000, 0x000000071b200000, 0x000000071b400000|  0%| F|  |TAMS 0x000000071b200000, 0x000000071b200000| Untracked 
| 203|0x000000071b400000, 0x000000071b400000, 0x000000071b600000|  0%| F|  |TAMS 0x000000071b400000, 0x000000071b400000| Untracked 
| 204|0x000000071b600000, 0x000000071b600000, 0x000000071b800000|  0%| F|  |TAMS 0x000000071b600000, 0x000000071b600000| Untracked 
| 205|0x000000071b800000, 0x000000071b800000, 0x000000071ba00000|  0%| F|  |TAMS 0x000000071b800000, 0x000000071b800000| Untracked 
| 206|0x000000071ba00000, 0x000000071ba00000, 0x000000071bc00000|  0%| F|  |TAMS 0x000000071ba00000, 0x000000071ba00000| Untracked 
| 207|0x000000071bc00000, 0x000000071bc00000, 0x000000071be00000|  0%| F|  |TAMS 0x000000071bc00000, 0x000000071bc00000| Untracked 
| 208|0x000000071be00000, 0x000000071be00000, 0x000000071c000000|  0%| F|  |TAMS 0x000000071be00000, 0x000000071be00000| Untracked 
| 209|0x000000071c000000, 0x000000071c000000, 0x000000071c200000|  0%| F|  |TAMS 0x000000071c000000, 0x000000071c000000| Untracked 
| 210|0x000000071c200000, 0x000000071c200000, 0x000000071c400000|  0%| F|  |TAMS 0x000000071c200000, 0x000000071c200000| Untracked 
| 211|0x000000071c400000, 0x000000071c400000, 0x000000071c600000|  0%| F|  |TAMS 0x000000071c400000, 0x000000071c400000| Untracked 
| 212|0x000000071c600000, 0x000000071c600000, 0x000000071c800000|  0%| F|  |TAMS 0x000000071c600000, 0x000000071c600000| Untracked 
| 213|0x000000071c800000, 0x000000071c800000, 0x000000071ca00000|  0%| F|  |TAMS 0x000000071c800000, 0x000000071c800000| Untracked 
| 214|0x000000071ca00000, 0x000000071ca00000, 0x000000071cc00000|  0%| F|  |TAMS 0x000000071ca00000, 0x000000071ca00000| Untracked 
| 215|0x000000071cc00000, 0x000000071cc00000, 0x000000071ce00000|  0%| F|  |TAMS 0x000000071cc00000, 0x000000071cc00000| Untracked 
| 216|0x000000071ce00000, 0x000000071ce00000, 0x000000071d000000|  0%| F|  |TAMS 0x000000071ce00000, 0x000000071ce00000| Untracked 
| 217|0x000000071d000000, 0x000000071d047ea0, 0x000000071d200000| 14%| S|CS|TAMS 0x000000071d000000, 0x000000071d000000| Complete 
| 218|0x000000071d200000, 0x000000071d400000, 0x000000071d400000|100%| S|CS|TAMS 0x000000071d200000, 0x000000071d200000| Complete 
| 219|0x000000071d400000, 0x000000071d600000, 0x000000071d600000|100%| S|CS|TAMS 0x000000071d400000, 0x000000071d400000| Complete 
| 220|0x000000071d600000, 0x000000071d800000, 0x000000071d800000|100%| S|CS|TAMS 0x000000071d600000, 0x000000071d600000| Complete 
| 221|0x000000071d800000, 0x000000071d800000, 0x000000071da00000|  0%| F|  |TAMS 0x000000071d800000, 0x000000071d800000| Untracked 
| 222|0x000000071da00000, 0x000000071da00000, 0x000000071dc00000|  0%| F|  |TAMS 0x000000071da00000, 0x000000071da00000| Untracked 
| 223|0x000000071dc00000, 0x000000071dc00000, 0x000000071de00000|  0%| F|  |TAMS 0x000000071dc00000, 0x000000071dc00000| Untracked 
| 224|0x000000071de00000, 0x000000071de00000, 0x000000071e000000|  0%| F|  |TAMS 0x000000071de00000, 0x000000071de00000| Untracked 
| 225|0x000000071e000000, 0x000000071e000000, 0x000000071e200000|  0%| F|  |TAMS 0x000000071e000000, 0x000000071e000000| Untracked 
| 226|0x000000071e200000, 0x000000071e200000, 0x000000071e400000|  0%| F|  |TAMS 0x000000071e200000, 0x000000071e200000| Untracked 
| 227|0x000000071e400000, 0x000000071e400000, 0x000000071e600000|  0%| F|  |TAMS 0x000000071e400000, 0x000000071e400000| Untracked 
| 228|0x000000071e600000, 0x000000071e600000, 0x000000071e800000|  0%| F|  |TAMS 0x000000071e600000, 0x000000071e600000| Untracked 
| 229|0x000000071e800000, 0x000000071e800000, 0x000000071ea00000|  0%| F|  |TAMS 0x000000071e800000, 0x000000071e800000| Untracked 
| 230|0x000000071ea00000, 0x000000071ea00000, 0x000000071ec00000|  0%| F|  |TAMS 0x000000071ea00000, 0x000000071ea00000| Untracked 
| 231|0x000000071ec00000, 0x000000071ec00000, 0x000000071ee00000|  0%| F|  |TAMS 0x000000071ec00000, 0x000000071ec00000| Untracked 
| 232|0x000000071ee00000, 0x000000071ee00000, 0x000000071f000000|  0%| F|  |TAMS 0x000000071ee00000, 0x000000071ee00000| Untracked 
| 233|0x000000071f000000, 0x000000071f000000, 0x000000071f200000|  0%| F|  |TAMS 0x000000071f000000, 0x000000071f000000| Untracked 
| 234|0x000000071f200000, 0x000000071f200000, 0x000000071f400000|  0%| F|  |TAMS 0x000000071f200000, 0x000000071f200000| Untracked 
| 235|0x000000071f400000, 0x000000071f400000, 0x000000071f600000|  0%| F|  |TAMS 0x000000071f400000, 0x000000071f400000| Untracked 
| 236|0x000000071f600000, 0x000000071f600000, 0x000000071f800000|  0%| F|  |TAMS 0x000000071f600000, 0x000000071f600000| Untracked 
| 237|0x000000071f800000, 0x000000071f800000, 0x000000071fa00000|  0%| F|  |TAMS 0x000000071f800000, 0x000000071f800000| Untracked 
| 238|0x000000071fa00000, 0x000000071fc00000, 0x000000071fc00000|100%| E|  |TAMS 0x000000071fa00000, 0x000000071fa00000| Complete 
| 239|0x000000071fc00000, 0x000000071fe00000, 0x000000071fe00000|100%| E|CS|TAMS 0x000000071fc00000, 0x000000071fc00000| Complete 
| 240|0x000000071fe00000, 0x0000000720000000, 0x0000000720000000|100%| E|CS|TAMS 0x000000071fe00000, 0x000000071fe00000| Complete 
| 241|0x0000000720000000, 0x0000000720200000, 0x0000000720200000|100%| E|CS|TAMS 0x0000000720000000, 0x0000000720000000| Complete 
| 242|0x0000000720200000, 0x0000000720400000, 0x0000000720400000|100%| E|CS|TAMS 0x0000000720200000, 0x0000000720200000| Complete 
| 243|0x0000000720400000, 0x0000000720600000, 0x0000000720600000|100%| E|CS|TAMS 0x0000000720400000, 0x0000000720400000| Complete 
| 244|0x0000000720600000, 0x0000000720800000, 0x0000000720800000|100%| E|CS|TAMS 0x0000000720600000, 0x0000000720600000| Complete 
| 245|0x0000000720800000, 0x0000000720a00000, 0x0000000720a00000|100%| E|CS|TAMS 0x0000000720800000, 0x0000000720800000| Complete 
| 246|0x0000000720a00000, 0x0000000720c00000, 0x0000000720c00000|100%| E|CS|TAMS 0x0000000720a00000, 0x0000000720a00000| Complete 
| 247|0x0000000720c00000, 0x0000000720e00000, 0x0000000720e00000|100%| E|CS|TAMS 0x0000000720c00000, 0x0000000720c00000| Complete 
| 248|0x0000000720e00000, 0x0000000721000000, 0x0000000721000000|100%| E|CS|TAMS 0x0000000720e00000, 0x0000000720e00000| Complete 
| 249|0x0000000721000000, 0x0000000721200000, 0x0000000721200000|100%| E|CS|TAMS 0x0000000721000000, 0x0000000721000000| Complete 
| 250|0x0000000721200000, 0x0000000721400000, 0x0000000721400000|100%| E|CS|TAMS 0x0000000721200000, 0x0000000721200000| Complete 
| 251|0x0000000721400000, 0x0000000721600000, 0x0000000721600000|100%| E|CS|TAMS 0x0000000721400000, 0x0000000721400000| Complete 
| 252|0x0000000721600000, 0x0000000721800000, 0x0000000721800000|100%| E|CS|TAMS 0x0000000721600000, 0x0000000721600000| Complete 
| 253|0x0000000721800000, 0x0000000721a00000, 0x0000000721a00000|100%| E|CS|TAMS 0x0000000721800000, 0x0000000721800000| Complete 
| 254|0x0000000721a00000, 0x0000000721c00000, 0x0000000721c00000|100%| E|CS|TAMS 0x0000000721a00000, 0x0000000721a00000| Complete 
| 255|0x0000000721c00000, 0x0000000721e00000, 0x0000000721e00000|100%| E|CS|TAMS 0x0000000721c00000, 0x0000000721c00000| Complete 
| 256|0x0000000721e00000, 0x0000000722000000, 0x0000000722000000|100%| E|CS|TAMS 0x0000000721e00000, 0x0000000721e00000| Complete 
| 257|0x0000000722000000, 0x0000000722200000, 0x0000000722200000|100%| E|CS|TAMS 0x0000000722000000, 0x0000000722000000| Complete 
| 258|0x0000000722200000, 0x0000000722400000, 0x0000000722400000|100%| E|CS|TAMS 0x0000000722200000, 0x0000000722200000| Complete 
| 259|0x0000000722400000, 0x0000000722600000, 0x0000000722600000|100%| E|CS|TAMS 0x0000000722400000, 0x0000000722400000| Complete 
| 260|0x0000000722600000, 0x0000000722800000, 0x0000000722800000|100%| E|CS|TAMS 0x0000000722600000, 0x0000000722600000| Complete 
| 261|0x0000000722800000, 0x0000000722a00000, 0x0000000722a00000|100%| E|CS|TAMS 0x0000000722800000, 0x0000000722800000| Complete 
| 262|0x0000000722a00000, 0x0000000722c00000, 0x0000000722c00000|100%| E|CS|TAMS 0x0000000722a00000, 0x0000000722a00000| Complete 
| 263|0x0000000722c00000, 0x0000000722e00000, 0x0000000722e00000|100%| E|CS|TAMS 0x0000000722c00000, 0x0000000722c00000| Complete 
|2023|0x00000007fec00000, 0x00000007fee00000, 0x00000007fee00000|100%| O|  |TAMS 0x00000007fee00000, 0x00000007fec00000| Untracked 
|2024|0x00000007fee00000, 0x00000007ff000000, 0x00000007ff000000|100%| O|  |TAMS 0x00000007ff000000, 0x00000007fee00000| Untracked 
|2025|0x00000007ff000000, 0x00000007ff200000, 0x00000007ff200000|100%| O|  |TAMS 0x00000007ff200000, 0x00000007ff000000| Untracked 
|2026|0x00000007ff200000, 0x00000007ff400000, 0x00000007ff400000|100%| O|  |TAMS 0x00000007ff400000, 0x00000007ff200000| Untracked 
|2027|0x00000007ff400000, 0x00000007ff600000, 0x00000007ff600000|100%| O|  |TAMS 0x00000007ff600000, 0x00000007ff400000| Untracked 
|2028|0x00000007ff600000, 0x00000007ff800000, 0x00000007ff800000|100%| O|  |TAMS 0x00000007ff800000, 0x00000007ff600000| Untracked 
|2029|0x00000007ff800000, 0x00000007ffa00000, 0x00000007ffa00000|100%| O|  |TAMS 0x00000007ffa00000, 0x00000007ff800000| Untracked 
|2030|0x00000007ffa00000, 0x00000007ffc00000, 0x00000007ffc00000|100%| O|  |TAMS 0x00000007ffc00000, 0x00000007ffa00000| Untracked 
|2031|0x00000007ffc00000, 0x00000007ffe00000, 0x00000007ffe00000|100%| O|  |TAMS 0x00000007ffe00000, 0x00000007ffc00000| Untracked 
|2032|0x00000007ffe00000, 0x0000000800000000, 0x0000000800000000|100%| O|  |TAMS 0x0000000800000000, 0x00000007ffe00000| Untracked 

Card table byte_map: [0x0000028e70190000,0x0000028e70990000] _byte_map_base: 0x0000028e6c981000

Marking Bits (Prev, Next): (CMBitMap*) 0x0000028e59c2b090, (CMBitMap*) 0x0000028e59c2b050
 Prev Bits: [0x0000028e75120000, 0x0000028e790a8000)
 Next Bits: [0x0000028e71190000, 0x0000028e75118000)

Polling page: 0x0000028e60330000

Metaspace:

Usage:
  Non-class:    133.99 MB used.
      Class:     19.55 MB used.
       Both:    153.54 MB used.

Virtual space:
  Non-class space:      192.00 MB reserved,     134.56 MB ( 70%) committed,  3 nodes.
      Class space:        1.00 GB reserved,      20.00 MB (  2%) committed,  1 nodes.
             Both:        1.19 GB reserved,     154.56 MB ( 13%) committed. 

Chunk freelists:
   Non-Class:  8.91 MB
       Class:  11.98 MB
        Both:  20.89 MB

MaxMetaspaceSize: unlimited
CompressedClassSpaceSize: 1.00 GB
Initial GC threshold: 21.00 MB
Current GC threshold: 176.50 MB
CDS: on
MetaspaceReclaimPolicy: balanced
 - commit_granule_bytes: 65536.
 - commit_granule_words: 8192.
 - virtual_space_node_default_size: 8388608.
 - enlarge_chunks_in_place: 1.
 - new_chunks_are_fully_committed: 0.
 - uncommit_free_chunks: 1.
 - use_allocation_guard: 0.
 - handle_deallocations: 1.


Internal statistics:

num_allocs_failed_limit: 9.
num_arena_births: 2672.
num_arena_deaths: 1694.
num_vsnodes_births: 4.
num_vsnodes_deaths: 0.
num_space_committed: 2565.
num_space_uncommitted: 95.
num_chunks_returned_to_freelist: 1874.
num_chunks_taken_from_freelist: 8329.
num_chunk_merges: 938.
num_chunk_splits: 6162.
num_chunks_enlarged: 4529.
num_inconsistent_stats: 0.

CodeHeap 'non-profiled nmethods': size=120000Kb used=9625Kb max_used=9909Kb free=110375Kb
 bounds [0x0000028e67e20000, 0x0000028e687d0000, 0x0000028e6f350000]
CodeHeap 'profiled nmethods': size=120000Kb used=24695Kb max_used=25439Kb free=95304Kb
 bounds [0x0000028e60350000, 0x0000028e61c50000, 0x0000028e67880000]
CodeHeap 'non-nmethods': size=5760Kb used=1525Kb max_used=1571Kb free=4234Kb
 bounds [0x0000028e67880000, 0x0000028e67af0000, 0x0000028e67e20000]
 total_blobs=13131 nmethods=12229 adapters=812
 compilation: enabled
              stopped_count=0, restarted_count=0
 full_count=0

Compilation events (20 events):
Event: 122.234 Thread 0x0000028e7b730090 15104       4       com.intellij.psi.stubs.MaterialStubList::get (6 bytes)
Event: 122.235 Thread 0x0000028e04148140 nmethod 15102 0x0000028e61adf190 code [0x0000028e61adf420, 0x0000028e61ae0128]
Event: 122.235 Thread 0x0000028e04148140 15103       3       org.jetbrains.kotlin.analysis.api.standalone.base.projectStructure.StandaloneProjectFactory::adjustModulePath (72 bytes)
Event: 122.235 Thread 0x0000028e04148140 nmethod 15103 0x0000028e60b82b90 code [0x0000028e60b82e00, 0x0000028e60b83798]
Event: 122.236 Thread 0x0000028e7b730090 nmethod 15104 0x0000028e68791210 code [0x0000028e687913a0, 0x0000028e68791518]
Event: 122.236 Thread 0x0000028e7b730090 15106       4       com.intellij.psi.stubs.StubBase::<init> (106 bytes)
Event: 122.236 Thread 0x0000028e04148140 15108       3       com.intellij.psi.stubs.StubBase::getParentStub (8 bytes)
Event: 122.237 Thread 0x0000028e04148140 nmethod 15108 0x0000028e603c5b90 code [0x0000028e603c5d20, 0x0000028e603c5f58]
Event: 122.237 Thread 0x0000028e04148140 15109       2       com.intellij.psi.stubs.StubList$1::get (6 bytes)
Event: 122.237 Thread 0x0000028e04148140 nmethod 15109 0x0000028e617b1090 code [0x0000028e617b1220, 0x0000028e617b1348]
Event: 122.237 Thread 0x0000028e04148140 15110       2       com.intellij.psi.stubs.StubList$1::get (75 bytes)
Event: 122.238 Thread 0x0000028e04148140 nmethod 15110 0x0000028e61ade710 code [0x0000028e61ade940, 0x0000028e61adee18]
Event: 122.238 Thread 0x0000028e04148140 15114       3       com.intellij.psi.stubs.StubList::areChildrenNonAdjacent (17 bytes)
Event: 122.238 Thread 0x0000028e04148140 nmethod 15114 0x0000028e61097f10 code [0x0000028e61098100, 0x0000028e61098868]
Event: 122.238 Thread 0x0000028e04148140 15115       3       com.intellij.psi.stubs.StubList::getParentIndex (18 bytes)
Event: 122.239 Thread 0x0000028e04148140 nmethod 15115 0x0000028e61863090 code [0x0000028e61863260, 0x0000028e618638e8]
Event: 122.288 Thread 0x0000028e7b730090 nmethod 15106 0x0000028e6878f010 code [0x0000028e6878f240, 0x0000028e68790b38]
Event: 122.288 Thread 0x0000028e7b730090 15111       4       org.jetbrains.kotlin.psi.stubs.impl.KotlinStubBaseImpl::<init> (13 bytes)
Event: 122.289 Thread 0x0000028e7b730090 nmethod 15111 0x0000028e6878ec90 code [0x0000028e6878ee20, 0x0000028e6878eee8]
Event: 122.289 Thread 0x0000028e7b730090 15107       4       com.intellij.psi.stubs.MaterialStubList::addStub (25 bytes)

GC Heap History (20 events):
Event: 77.883 GC heap before
{Heap before GC invocations=55 (full 0):
 garbage-first heap   total 561152K, used 379904K [0x0000000701e00000, 0x0000000800000000)
  region size 2048K, 45 young (92160K), 2 survivors (4096K)
 Metaspace       used 107456K, committed 108416K, reserved 1179648K
  class space    used 14200K, committed 14656K, reserved 1048576K
}
Event: 77.965 GC heap after
{Heap after GC invocations=56 (full 0):
 garbage-first heap   total 561152K, used 346112K [0x0000000701e00000, 0x0000000800000000)
  region size 2048K, 6 young (12288K), 6 survivors (12288K)
 Metaspace       used 107456K, committed 108416K, reserved 1179648K
  class space    used 14200K, committed 14656K, reserved 1048576K
}
Event: 88.634 GC heap before
{Heap before GC invocations=56 (full 0):
 garbage-first heap   total 561152K, used 413696K [0x0000000701e00000, 0x0000000800000000)
  region size 2048K, 39 young (79872K), 6 survivors (12288K)
 Metaspace       used 109520K, committed 110400K, reserved 1179648K
  class space    used 14376K, committed 14784K, reserved 1048576K
}
Event: 88.667 GC heap after
{Heap after GC invocations=57 (full 0):
 garbage-first heap   total 561152K, used 358400K [0x0000000701e00000, 0x0000000800000000)
  region size 2048K, 5 young (10240K), 5 survivors (10240K)
 Metaspace       used 109520K, committed 110400K, reserved 1179648K
  class space    used 14376K, committed 14784K, reserved 1048576K
}
Event: 93.019 GC heap before
{Heap before GC invocations=57 (full 0):
 garbage-first heap   total 561152K, used 425984K [0x0000000701e00000, 0x0000000800000000)
  region size 2048K, 38 young (77824K), 5 survivors (10240K)
 Metaspace       used 114298K, committed 115264K, reserved 1179648K
  class space    used 14922K, committed 15360K, reserved 1048576K
}
Event: 93.027 GC heap after
{Heap after GC invocations=58 (full 0):
 garbage-first heap   total 561152K, used 355057K [0x0000000701e00000, 0x0000000800000000)
  region size 2048K, 1 young (2048K), 1 survivors (2048K)
 Metaspace       used 114298K, committed 115264K, reserved 1179648K
  class space    used 14922K, committed 15360K, reserved 1048576K
}
Event: 100.087 GC heap before
{Heap before GC invocations=58 (full 0):
 garbage-first heap   total 561152K, used 428785K [0x0000000701e00000, 0x0000000800000000)
  region size 2048K, 37 young (75776K), 1 survivors (2048K)
 Metaspace       used 114298K, committed 115264K, reserved 1179648K
  class space    used 14922K, committed 15360K, reserved 1048576K
}
Event: 100.089 GC heap after
{Heap after GC invocations=59 (full 0):
 garbage-first heap   total 561152K, used 353873K [0x0000000701e00000, 0x0000000800000000)
  region size 2048K, 1 young (2048K), 1 survivors (2048K)
 Metaspace       used 114298K, committed 115264K, reserved 1179648K
  class space    used 14922K, committed 15360K, reserved 1048576K
}
Event: 104.914 GC heap before
{Heap before GC invocations=59 (full 0):
 garbage-first heap   total 561152K, used 435793K [0x0000000701e00000, 0x0000000800000000)
  region size 2048K, 41 young (83968K), 1 survivors (2048K)
 Metaspace       used 114298K, committed 115264K, reserved 1179648K
  class space    used 14922K, committed 15360K, reserved 1048576K
}
Event: 104.915 GC heap after
{Heap after GC invocations=60 (full 0):
 garbage-first heap   total 561152K, used 353766K [0x0000000701e00000, 0x0000000800000000)
  region size 2048K, 1 young (2048K), 1 survivors (2048K)
 Metaspace       used 114298K, committed 115264K, reserved 1179648K
  class space    used 14922K, committed 15360K, reserved 1048576K
}
Event: 107.754 GC heap before
{Heap before GC invocations=60 (full 0):
 garbage-first heap   total 561152K, used 443878K [0x0000000701e00000, 0x0000000800000000)
  region size 2048K, 45 young (92160K), 1 survivors (2048K)
 Metaspace       used 122924K, committed 123904K, reserved 1179648K
  class space    used 16005K, committed 16448K, reserved 1048576K
}
Event: 107.758 GC heap after
{Heap after GC invocations=61 (full 0):
 garbage-first heap   total 561152K, used 354984K [0x0000000701e00000, 0x0000000800000000)
  region size 2048K, 1 young (2048K), 1 survivors (2048K)
 Metaspace       used 122924K, committed 123904K, reserved 1179648K
  class space    used 16005K, committed 16448K, reserved 1048576K
}
Event: 108.541 GC heap before
{Heap before GC invocations=61 (full 0):
 garbage-first heap   total 561152K, used 453288K [0x0000000701e00000, 0x0000000800000000)
  region size 2048K, 49 young (100352K), 1 survivors (2048K)
 Metaspace       used 124220K, committed 125248K, reserved 1179648K
  class space    used 16123K, committed 16576K, reserved 1048576K
}
Event: 108.554 GC heap after
{Heap after GC invocations=62 (full 0):
 garbage-first heap   total 561152K, used 368581K [0x0000000701e00000, 0x0000000800000000)
  region size 2048K, 7 young (14336K), 7 survivors (14336K)
 Metaspace       used 124220K, committed 125248K, reserved 1179648K
  class space    used 16123K, committed 16576K, reserved 1048576K
}
Event: 110.985 GC heap before
{Heap before GC invocations=62 (full 0):
 garbage-first heap   total 561152K, used 458693K [0x0000000701e00000, 0x0000000800000000)
  region size 2048K, 51 young (104448K), 7 survivors (14336K)
 Metaspace       used 128971K, committed 130048K, reserved 1179648K
  class space    used 16629K, committed 17088K, reserved 1048576K
}
Event: 111.010 GC heap after
{Heap after GC invocations=63 (full 0):
 garbage-first heap   total 561152K, used 382231K [0x0000000701e00000, 0x0000000800000000)
  region size 2048K, 7 young (14336K), 7 survivors (14336K)
 Metaspace       used 128971K, committed 130048K, reserved 1179648K
  class space    used 16629K, committed 17088K, reserved 1048576K
}
Event: 119.524 GC heap before
{Heap before GC invocations=63 (full 0):
 garbage-first heap   total 561152K, used 464151K [0x0000000701e00000, 0x0000000800000000)
  region size 2048K, 47 young (96256K), 7 survivors (14336K)
 Metaspace       used 141270K, committed 142336K, reserved 1179648K
  class space    used 18042K, committed 18496K, reserved 1048576K
}
Event: 119.543 GC heap after
{Heap after GC invocations=64 (full 0):
 garbage-first heap   total 561152K, used 388292K [0x0000000701e00000, 0x0000000800000000)
  region size 2048K, 3 young (6144K), 3 survivors (6144K)
 Metaspace       used 141270K, committed 142336K, reserved 1179648K
  class space    used 18042K, committed 18496K, reserved 1048576K
}
Event: 121.217 GC heap before
{Heap before GC invocations=64 (full 0):
 garbage-first heap   total 561152K, used 470212K [0x0000000701e00000, 0x0000000800000000)
  region size 2048K, 43 young (88064K), 3 survivors (6144K)
 Metaspace       used 152792K, committed 153792K, reserved 1245184K
  class space    used 19531K, committed 19968K, reserved 1048576K
}
Event: 121.226 GC heap after
{Heap after GC invocations=65 (full 0):
 garbage-first heap   total 561152K, used 389407K [0x0000000701e00000, 0x0000000800000000)
  region size 2048K, 4 young (8192K), 4 survivors (8192K)
 Metaspace       used 152792K, committed 153792K, reserved 1245184K
  class space    used 19531K, committed 19968K, reserved 1048576K
}

Dll operation events (13 events):
Event: 0.009 Loaded shared library C:\Users\Youbitech\Downloads\sonar-scanner-cli-5.0.1.3006-windows\sonar-scanner-5.0.1.3006-windows\jre\bin\java.dll
Event: 0.031 Loaded shared library C:\Users\Youbitech\Downloads\sonar-scanner-cli-5.0.1.3006-windows\sonar-scanner-5.0.1.3006-windows\jre\bin\jsvml.dll
Event: 0.075 Loaded shared library C:\Users\Youbitech\Downloads\sonar-scanner-cli-5.0.1.3006-windows\sonar-scanner-5.0.1.3006-windows\jre\bin\net.dll
Event: 0.078 Loaded shared library C:\Users\Youbitech\Downloads\sonar-scanner-cli-5.0.1.3006-windows\sonar-scanner-5.0.1.3006-windows\jre\bin\nio.dll
Event: 0.083 Loaded shared library C:\Users\Youbitech\Downloads\sonar-scanner-cli-5.0.1.3006-windows\sonar-scanner-5.0.1.3006-windows\jre\bin\zip.dll
Event: 0.142 Loaded shared library C:\Users\Youbitech\Downloads\sonar-scanner-cli-5.0.1.3006-windows\sonar-scanner-5.0.1.3006-windows\jre\bin\jimage.dll
Event: 0.252 Loaded shared library C:\Users\Youbitech\Downloads\sonar-scanner-cli-5.0.1.3006-windows\sonar-scanner-5.0.1.3006-windows\jre\bin\sunmscapi.dll
Event: 1.601 Loaded shared library C:\Users\Youbitech\Downloads\sonar-scanner-cli-5.0.1.3006-windows\sonar-scanner-5.0.1.3006-windows\jre\bin\verify.dll
Event: 35.034 Loaded shared library C:\Users\Youbitech\.tree-sitter\lib\x86_64-windows-tree-sitter.dll
Event: 35.051 Loaded shared library C:\Users\Youbitech\.tree-sitter\lib\x86_64-windows-tree-sitter-bash.dll
Event: 111.589 Loaded shared library C:\Users\Youbitech\Downloads\sonar-scanner-cli-5.0.1.3006-windows\sonar-scanner-5.0.1.3006-windows\jre\bin\management.dll
Event: 111.595 Loaded shared library C:\Users\Youbitech\Downloads\sonar-scanner-cli-5.0.1.3006-windows\sonar-scanner-5.0.1.3006-windows\jre\bin\management_ext.dll
Event: 119.018 Loaded shared library C:\Users\Youbitech\Downloads\sonar-scanner-cli-5.0.1.3006-windows\sonar-scanner-5.0.1.3006-windows\jre\bin\awt.dll

Deoptimization events (20 events):
Event: 120.500 Thread 0x0000028e59bc1f20 DEOPT PACKING pc=0x0000028e687c49c0 sp=0x000000cddecfabd0
Event: 120.500 Thread 0x0000028e59bc1f20 DEOPT UNPACKING pc=0x0000028e678d69a3 sp=0x000000cddecfab10 mode 2
Event: 121.552 Thread 0x0000028e59bc1f20 Uncommon trap: trap_request=0xffffffde fr.pc=0x0000028e687c49c0 relative=0x0000000000000120
Event: 121.552 Thread 0x0000028e59bc1f20 Uncommon trap: reason=class_check action=maybe_recompile pc=0x0000028e687c49c0 method=java.util.AbstractList.rangeCheckForAdd(I)V @ 6 c2
Event: 121.552 Thread 0x0000028e59bc1f20 DEOPT PACKING pc=0x0000028e687c49c0 sp=0x000000cddecfb3c0
Event: 121.552 Thread 0x0000028e59bc1f20 DEOPT UNPACKING pc=0x0000028e678d69a3 sp=0x000000cddecfb300 mode 2
Event: 121.622 Thread 0x0000028e59bc1f20 DEOPT PACKING pc=0x0000028e61a7e688 sp=0x000000cddecfb7b0
Event: 121.622 Thread 0x0000028e59bc1f20 DEOPT UNPACKING pc=0x0000028e678d7143 sp=0x000000cddecfac80 mode 0
Event: 122.019 Thread 0x0000028e59bc1f20 Uncommon trap: trap_request=0xffffff45 fr.pc=0x0000028e684c6554 relative=0x0000000000000614
Event: 122.019 Thread 0x0000028e59bc1f20 Uncommon trap: reason=unstable_if action=reinterpret pc=0x0000028e684c6554 method=kotlin.text.StringsKt__AppendableKt.appendElement(Ljava/lang/Appendable;Ljava/lang/Object;Lkotlin/jvm/functions/Function1;)V @ 9 c2
Event: 122.019 Thread 0x0000028e59bc1f20 DEOPT PACKING pc=0x0000028e684c6554 sp=0x000000cddecfcd90
Event: 122.019 Thread 0x0000028e59bc1f20 DEOPT UNPACKING pc=0x0000028e678d69a3 sp=0x000000cddecfcd70 mode 2
Event: 122.080 Thread 0x0000028e59bc1f20 Uncommon trap: trap_request=0xffffffbe fr.pc=0x0000028e686e89f4 relative=0x0000000000000274
Event: 122.080 Thread 0x0000028e59bc1f20 Uncommon trap: reason=profile_predicate action=maybe_recompile pc=0x0000028e686e89f4 method=java.util.TimSort.binarySort([Ljava/lang/Object;IIILjava/util/Comparator;)V @ 34 c2
Event: 122.080 Thread 0x0000028e59bc1f20 DEOPT PACKING pc=0x0000028e686e89f4 sp=0x000000cddecfd1d0
Event: 122.081 Thread 0x0000028e59bc1f20 DEOPT UNPACKING pc=0x0000028e678d69a3 sp=0x000000cddecfd0f8 mode 2
Event: 122.095 Thread 0x0000028e59bc1f20 Uncommon trap: trap_request=0xffffff45 fr.pc=0x0000028e6872ccb4 relative=0x00000000000009f4
Event: 122.095 Thread 0x0000028e59bc1f20 Uncommon trap: reason=unstable_if action=reinterpret pc=0x0000028e6872ccb4 method=com.intellij.openapi.progress.ProgressManager.checkCanceled()V @ 5 c2
Event: 122.095 Thread 0x0000028e59bc1f20 DEOPT PACKING pc=0x0000028e6872ccb4 sp=0x000000cddecfcce0
Event: 122.095 Thread 0x0000028e59bc1f20 DEOPT UNPACKING pc=0x0000028e678d69a3 sp=0x000000cddecfcc18 mode 2

Classes unloaded (20 events):
Event: 70.759 Thread 0x0000028e7b710950 Unloading class 0x0000000801c16800 'GeneratedBySSLR'
Event: 70.759 Thread 0x0000028e7b710950 Unloading class 0x0000000801c16000 'GeneratedBySSLR'
Event: 70.759 Thread 0x0000028e7b710950 Unloading class 0x0000000801c15800 'GeneratedBySSLR'
Event: 70.759 Thread 0x0000028e7b710950 Unloading class 0x0000000801c15000 'GeneratedBySSLR'
Event: 70.759 Thread 0x0000028e7b710950 Unloading class 0x0000000801c14800 'GeneratedBySSLR'
Event: 70.759 Thread 0x0000028e7b710950 Unloading class 0x0000000801c14000 'GeneratedBySSLR'
Event: 70.759 Thread 0x0000028e7b710950 Unloading class 0x0000000801c13800 'GeneratedBySSLR'
Event: 70.759 Thread 0x0000028e7b710950 Unloading class 0x0000000801c13000 'GeneratedBySSLR'
Event: 70.759 Thread 0x0000028e7b710950 Unloading class 0x0000000801c12800 'GeneratedBySSLR'
Event: 70.759 Thread 0x0000028e7b710950 Unloading class 0x0000000801c12000 'GeneratedBySSLR'
Event: 70.759 Thread 0x0000028e7b710950 Unloading class 0x0000000801c11800 'GeneratedBySSLR'
Event: 70.759 Thread 0x0000028e7b710950 Unloading class 0x0000000801c11000 'GeneratedBySSLR'
Event: 70.759 Thread 0x0000028e7b710950 Unloading class 0x0000000801c10800 'GeneratedBySSLR'
Event: 70.759 Thread 0x0000028e7b710950 Unloading class 0x0000000801c10000 'GeneratedBySSLR'
Event: 70.759 Thread 0x0000028e7b710950 Unloading class 0x0000000801c0d800 'GeneratedBySSLR'
Event: 70.759 Thread 0x0000028e7b710950 Unloading class 0x0000000801c0d000 'GeneratedBySSLR'
Event: 70.759 Thread 0x0000028e7b710950 Unloading class 0x0000000801c0c800 'GeneratedBySSLR'
Event: 70.759 Thread 0x0000028e7b710950 Unloading class 0x0000000801c0c000 'GeneratedBySSLR'
Event: 70.759 Thread 0x0000028e7b710950 Unloading class 0x0000000801c0a000 'GeneratedBySSLR'
Event: 70.759 Thread 0x0000028e7b710950 Unloading class 0x0000000801c08000 'GeneratedBySSLR'

Classes redefined (0 events):
No events

Internal exceptions (20 events):
Event: 109.635 Thread 0x0000028e59bc1f20 Exception <a 'java/lang/NoSuchMethodError'{0x000000071e97df40}: 'java.lang.Object java.lang.invoke.DirectMethodHandle$Holder.invokeStatic(java.lang.Object, java.lang.Object, java.lang.Object, java.lang.Object, int)'> (0x000000071e97df40) 
thrown [s\src\hotspot\share\interpreter\linkResolver.cpp, line 759]
Event: 109.649 Thread 0x0000028e59bc1f20 Exception <a 'java/lang/NoSuchMethodError'{0x000000071e612e88}: 'java.lang.Object java.lang.invoke.Invokers$Holder.invokeExact_MT(java.lang.Object, java.lang.Object, long, java.lang.Object)'> (0x000000071e612e88) 
thrown [s\src\hotspot\share\interpreter\linkResolver.cpp, line 759]
Event: 110.145 Thread 0x0000028e59bc1f20 Implicit null exception at 0x0000028e6878d8e0 to 0x0000028e68790e34
Event: 110.145 Thread 0x0000028e59bc1f20 Implicit null exception at 0x0000028e68787da6 to 0x0000028e6878b198
Event: 110.541 Thread 0x0000028e59bc1f20 Implicit null exception at 0x0000028e68795180 to 0x0000028e68797c30
Event: 111.609 Thread 0x0000028e59bc1f20 Exception <a 'java/lang/NoSuchMethodError'{0x00000007221aedf8}: 'java.lang.Object java.lang.invoke.DirectMethodHandle$Holder.invokeSpecial(java.lang.Object, java.lang.Object, java.lang.Object, java.lang.Object, java.lang.Object, java.lang.Object, java.lang.Object, java.lang.Object, java.lang.Object, java.lang.Object, java.lang.Object, java.lang.Object, java.lang.Object)'> (0x00000007221aedf8) 
thrown [s\src\hotspot\share\interpreter\linkResolver.cpp, line 759]
Event: 111.609 Thread 0x0000028e59bc1f20 Exception <a 'java/lang/NoSuchMethodError'{0x00000007221bb268}: 'java.lang.Object java.lang.invoke.DirectMethodHandle$Holder.newInvokeSpecial(java.lang.Object, java.lang.Object, java.lang.Object, java.lang.Object, java.lang.Object, java.lang.Object, java.lang.Object, java.lang.Object, java.lang.Object, java.lang.Object, java.lang.Object)'> (0x00000007221bb268) 
thrown [s\src\hotspot\share\interpreter\linkResolver.cpp, line 759]
Event: 111.610 Thread 0x0000028e59bc1f20 Exception <a 'java/lang/NoSuchMethodError'{0x00000007221c0658}: 'java.lang.Object java.lang.invoke.DirectMethodHandle$Holder.invokeSpecial(java.lang.Object, java.lang.Object, java.lang.Object, java.lang.Object, java.lang.Object, java.lang.Object, java.lang.Object, java.lang.Object, java.lang.Object, java.lang.Object, java.lang.Object, java.lang.Object)'> (0x00000007221c0658) 
thrown [s\src\hotspot\share\interpreter\linkResolver.cpp, line 759]
Event: 111.610 Thread 0x0000028e59bc1f20 Exception <a 'java/lang/NoSuchMethodError'{0x00000007221c5208}: 'java.lang.Object java.lang.invoke.Invokers$Holder.linkToTargetMethod(java.lang.Object, java.lang.Object, java.lang.Object, java.lang.Object, java.lang.Object, java.lang.Object, java.lang.Object, java.lang.Object, java.lang.Object, java.lang.Object, java.lang.Object)'> (0x00000007221c5208) 
thrown [s\src\hotspot\share\interpreter\linkResolver.cpp, line 759]
Event: 118.994 Thread 0x0000028e59bc1f20 Exception <a 'java/lang/ClassNotFoundException'{0x000000071eb186e0}: sun/awt/resources/spi/awtProvider> (0x000000071eb186e0) 
thrown [s\src\hotspot\share\classfile\systemDictionary.cpp, line 256]
Event: 119.021 Thread 0x0000028e59bc1f20 Exception <a 'java/io/FileNotFoundException'{0x000000071eb22788}> (0x000000071eb22788) 
thrown [s\src\hotspot\share\prims\jni.cpp, line 516]
Event: 119.022 Thread 0x0000028e59bc1f20 Exception <a 'java/io/FileNotFoundException'{0x000000071eb23e90}> (0x000000071eb23e90) 
thrown [s\src\hotspot\share\prims\jni.cpp, line 516]
Event: 119.880 Thread 0x0000028e59bc1f20 Exception <a 'java/lang/NoSuchMethodError'{0x0000000721edeb00}: 'int java.lang.invoke.DirectMethodHandle$Holder.invokeStatic(java.lang.Object, java.lang.Object, java.lang.Object, java.lang.Object, java.lang.Object)'> (0x0000000721edeb00) 
thrown [s\src\hotspot\share\interpreter\linkResolver.cpp, line 759]
Event: 120.215 Thread 0x0000028e59bc1f20 Exception <a 'java/lang/NoSuchMethodError'{0x0000000720c5ec28}: 'java.lang.Object java.lang.invoke.Invokers$Holder.linkToTargetMethod(java.lang.Object, java.lang.Object, java.lang.Object, int, java.lang.Object, java.lang.Object, java.lang.Object)'> (0x0000000720c5ec28) 
thrown [s\src\hotspot\share\interpreter\linkResolver.cpp, line 759]
Event: 121.588 Thread 0x0000028e59bc1f20 Exception <a 'java/lang/NoSuchMethodError'{0x0000000721e55a60}: 'java.lang.Object java.lang.invoke.DirectMethodHandle$Holder.invokeSpecial(java.lang.Object, java.lang.Object, java.lang.Object, int, java.lang.Object, java.lang.Object, java.lang.Object)'> (0x0000000721e55a60) 
thrown [s\src\hotspot\share\interpreter\linkResolver.cpp, line 759]
Event: 121.588 Thread 0x0000028e59bc1f20 Exception <a 'java/lang/NoSuchMethodError'{0x0000000721e59890}: 'java.lang.Object java.lang.invoke.Invokers$Holder.linkToTargetMethod(java.lang.Object, int, java.lang.Object, java.lang.Object, java.lang.Object, java.lang.Object)'> (0x0000000721e59890) 
thrown [s\src\hotspot\share\interpreter\linkResolver.cpp, line 759]
Event: 122.035 Thread 0x0000028e59bc1f20 Exception <a 'java/lang/NoSuchMethodError'{0x0000000721087cb8}: 'java.lang.Object java.lang.invoke.DirectMethodHandle$Holder.invokeSpecial(java.lang.Object, java.lang.Object, java.lang.Object, java.lang.Object, int)'> (0x0000000721087cb8) 
thrown [s\src\hotspot\share\interpreter\linkResolver.cpp, line 759]
Event: 122.036 Thread 0x0000028e59bc1f20 Exception <a 'java/lang/NoSuchMethodError'{0x000000072108b3c0}: 'java.lang.Object java.lang.invoke.Invokers$Holder.linkToTargetMethod(java.lang.Object, java.lang.Object, int, java.lang.Object)'> (0x000000072108b3c0) 
thrown [s\src\hotspot\share\interpreter\linkResolver.cpp, line 759]
Event: 122.046 Thread 0x0000028e08462a20 Exception <a 'java/lang/InterruptedException'{0x0000000721100c50}: sleep interrupted> (0x0000000721100c50) 
thrown [s\src\hotspot\share\prims\jvm.cpp, line 3070]
Event: 122.093 Thread 0x0000028e59bc1f20 Exception <a 'sun/nio/fs/WindowsException'{0x0000000720f08918}> (0x0000000720f08918) 
thrown [s\src\hotspot\share\prims\jni.cpp, line 516]

VM Operations (20 events):
Event: 111.086 Executing VM operation: HandshakeAllThreads done
Event: 111.353 Executing VM operation: HandshakeAllThreads
Event: 111.353 Executing VM operation: HandshakeAllThreads done
Event: 112.352 Executing VM operation: Cleanup
Event: 112.353 Executing VM operation: Cleanup done
Event: 118.357 Executing VM operation: HandshakeAllThreads
Event: 118.357 Executing VM operation: HandshakeAllThreads done
Event: 118.357 Executing VM operation: Cleanup
Event: 118.357 Executing VM operation: Cleanup done
Event: 119.358 Executing VM operation: Cleanup
Event: 119.358 Executing VM operation: Cleanup done
Event: 119.524 Executing VM operation: G1CollectForAllocation
Event: 119.543 Executing VM operation: G1CollectForAllocation done
Event: 120.544 Executing VM operation: Cleanup
Event: 120.544 Executing VM operation: Cleanup done
Event: 121.217 Executing VM operation: G1CollectForAllocation
Event: 121.226 Executing VM operation: G1CollectForAllocation done
Event: 122.227 Executing VM operation: Cleanup
Event: 122.227 Executing VM operation: Cleanup done
Event: 122.291 Executing VM operation: G1Concurrent

Events (20 events):
Event: 119.129 loading class sun/awt/PostEventQueue
Event: 119.130 loading class sun/awt/PostEventQueue done
Event: 119.793 loading class java/util/concurrent/CountDownLatch
Event: 119.793 loading class java/util/concurrent/CountDownLatch done
Event: 119.793 loading class java/util/concurrent/CountDownLatch$Sync
Event: 119.793 loading class java/util/concurrent/CountDownLatch$Sync done
Event: 120.124 loading class sun/awt/AppContext$PostShutdownEventRunnable
Event: 120.124 loading class sun/awt/AppContext$PostShutdownEventRunnable done
Event: 120.124 loading class sun/awt/AWTAutoShutdown$1
Event: 120.124 loading class sun/awt/AWTAutoShutdown$1 done
Event: 120.124 loading class java/awt/AWTEvent$1
Event: 120.124 loading class sun/awt/AWTAccessor$AWTEventAccessor
Event: 120.124 loading class sun/awt/AWTAccessor$AWTEventAccessor done
Event: 120.124 loading class java/awt/AWTEvent$1 done
Event: 120.124 Thread 0x0000028e07a7a550 Thread exited: 0x0000028e07a7a550
Event: 120.212 loading class java/text/ChoiceFormat
Event: 120.213 loading class java/text/ChoiceFormat done
Event: 122.053 Thread 0x0000028e08462a20 Thread exited: 0x0000028e08462a20
Event: 122.079 Thread 0x0000028e07a7aa20 Thread added: 0x0000028e07a7aa20
Event: 122.096 Thread 0x0000028e134bf4a0 Thread added: 0x0000028e134bf4a0


Dynamic libraries:
0x00007ff74a910000 - 0x00007ff74a91e000 	C:\Users\Youbitech\Downloads\sonar-scanner-cli-5.0.1.3006-windows\sonar-scanner-5.0.1.3006-windows\jre\bin\java.exe
0x00007ffc66150000 - 0x00007ffc66348000 	C:\Windows\SYSTEM32\ntdll.dll
0x00007ffc59010000 - 0x00007ffc59030000 	C:\Program Files\Avast Software\Avast\aswhook.dll
0x00007ffc652f0000 - 0x00007ffc653b2000 	C:\Windows\System32\KERNEL32.DLL
0x00007ffc63af0000 - 0x00007ffc63de6000 	C:\Windows\System32\KERNELBASE.dll
0x00007ffc63e70000 - 0x00007ffc63f70000 	C:\Windows\System32\ucrtbase.dll
0x00007ffc4c770000 - 0x00007ffc4c787000 	C:\Users\Youbitech\Downloads\sonar-scanner-cli-5.0.1.3006-windows\sonar-scanner-5.0.1.3006-windows\jre\bin\jli.dll
0x00007ffc65ec0000 - 0x00007ffc66061000 	C:\Windows\System32\USER32.dll
0x00007ffc4b490000 - 0x00007ffc4b4a9000 	C:\Users\Youbitech\Downloads\sonar-scanner-cli-5.0.1.3006-windows\sonar-scanner-5.0.1.3006-windows\jre\bin\VCRUNTIME140.dll
0x00007ffc640a0000 - 0x00007ffc640c2000 	C:\Windows\System32\win32u.dll
0x00007ffc65440000 - 0x00007ffc6546b000 	C:\Windows\System32\GDI32.dll
0x00007ffc4ce50000 - 0x00007ffc4d0eb000 	C:\Windows\WinSxS\amd64_microsoft.windows.common-controls_6595b64144ccf1df_6.0.19041.6456_none_60b8a6cb71f64256\COMCTL32.dll
0x00007ffc639d0000 - 0x00007ffc63ae9000 	C:\Windows\System32\gdi32full.dll
0x00007ffc64cb0000 - 0x00007ffc64d4e000 	C:\Windows\System32\msvcrt.dll
0x00007ffc640d0000 - 0x00007ffc6416d000 	C:\Windows\System32\msvcp_win.dll
0x00007ffc65b30000 - 0x00007ffc65b5f000 	C:\Windows\System32\IMM32.DLL
0x00007ffc5a770000 - 0x00007ffc5a77c000 	C:\Users\Youbitech\Downloads\sonar-scanner-cli-5.0.1.3006-windows\sonar-scanner-5.0.1.3006-windows\jre\bin\vcruntime140_1.dll
0x00007ffc270e0000 - 0x00007ffc27171000 	C:\Users\Youbitech\Downloads\sonar-scanner-cli-5.0.1.3006-windows\sonar-scanner-5.0.1.3006-windows\jre\bin\msvcp140.dll
0x00007ffbd1780000 - 0x00007ffbd23c8000 	C:\Users\Youbitech\Downloads\sonar-scanner-cli-5.0.1.3006-windows\sonar-scanner-5.0.1.3006-windows\jre\bin\server\jvm.dll
0x00007ffc65470000 - 0x00007ffc65521000 	C:\Windows\System32\ADVAPI32.dll
0x00007ffc66070000 - 0x00007ffc6610f000 	C:\Windows\System32\sechost.dll
0x00007ffc65530000 - 0x00007ffc65650000 	C:\Windows\System32\RPCRT4.dll
0x00007ffc64070000 - 0x00007ffc64097000 	C:\Windows\System32\bcrypt.dll
0x00007ffc44a20000 - 0x00007ffc44a29000 	C:\Windows\SYSTEM32\WSOCK32.dll
0x00007ffc42ff0000 - 0x00007ffc43017000 	C:\Windows\SYSTEM32\WINMM.dll
0x00007ffc65650000 - 0x00007ffc656bb000 	C:\Windows\System32\WS2_32.dll
0x00007ffc57ca0000 - 0x00007ffc57caa000 	C:\Windows\SYSTEM32\VERSION.dll
0x00007ffc61650000 - 0x00007ffc61662000 	C:\Windows\SYSTEM32\kernel.appcore.dll
0x00007ffc59530000 - 0x00007ffc5953a000 	C:\Users\Youbitech\Downloads\sonar-scanner-cli-5.0.1.3006-windows\sonar-scanner-5.0.1.3006-windows\jre\bin\jimage.dll
0x00007ffc5ce30000 - 0x00007ffc5d031000 	C:\Windows\SYSTEM32\DBGHELP.DLL
0x00007ffc54bd0000 - 0x00007ffc54c04000 	C:\Windows\SYSTEM32\dbgcore.DLL
0x00007ffc63940000 - 0x00007ffc639c2000 	C:\Windows\System32\bcryptPrimitives.dll
0x00007ffc4a670000 - 0x00007ffc4a695000 	C:\Users\Youbitech\Downloads\sonar-scanner-cli-5.0.1.3006-windows\sonar-scanner-5.0.1.3006-windows\jre\bin\java.dll
0x00007ffc269c0000 - 0x00007ffc26a96000 	C:\Users\Youbitech\Downloads\sonar-scanner-cli-5.0.1.3006-windows\sonar-scanner-5.0.1.3006-windows\jre\bin\jsvml.dll
0x00007ffc64480000 - 0x00007ffc64bf0000 	C:\Windows\System32\SHELL32.dll
0x00007ffc61850000 - 0x00007ffc61ff5000 	C:\Windows\SYSTEM32\windows.storage.dll
0x00007ffc65b60000 - 0x00007ffc65eb4000 	C:\Windows\System32\combase.dll
0x00007ffc631a0000 - 0x00007ffc631cb000 	C:\Windows\SYSTEM32\Wldp.dll
0x00007ffc64db0000 - 0x00007ffc64e7d000 	C:\Windows\System32\OLEAUT32.dll
0x00007ffc643d0000 - 0x00007ffc6447d000 	C:\Windows\System32\SHCORE.dll
0x00007ffc64290000 - 0x00007ffc642eb000 	C:\Windows\System32\shlwapi.dll
0x00007ffc63710000 - 0x00007ffc63734000 	C:\Windows\SYSTEM32\profapi.dll
0x00007ffc4a540000 - 0x00007ffc4a559000 	C:\Users\Youbitech\Downloads\sonar-scanner-cli-5.0.1.3006-windows\sonar-scanner-5.0.1.3006-windows\jre\bin\net.dll
0x00007ffc57ec0000 - 0x00007ffc57fca000 	C:\Windows\SYSTEM32\WINHTTP.dll
0x00007ffc62f00000 - 0x00007ffc62f6a000 	C:\Windows\system32\mswsock.dll
0x00007ffc4a500000 - 0x00007ffc4a515000 	C:\Users\Youbitech\Downloads\sonar-scanner-cli-5.0.1.3006-windows\sonar-scanner-5.0.1.3006-windows\jre\bin\nio.dll
0x00007ffc36f60000 - 0x00007ffc36f78000 	C:\Users\Youbitech\Downloads\sonar-scanner-cli-5.0.1.3006-windows\sonar-scanner-5.0.1.3006-windows\jre\bin\zip.dll
0x00007ffc589a0000 - 0x00007ffc589ae000 	C:\Users\Youbitech\Downloads\sonar-scanner-cli-5.0.1.3006-windows\sonar-scanner-5.0.1.3006-windows\jre\bin\sunmscapi.dll
0x00007ffc637e0000 - 0x00007ffc6393d000 	C:\Windows\System32\CRYPT32.dll
0x00007ffc63210000 - 0x00007ffc63237000 	C:\Windows\SYSTEM32\ncrypt.dll
0x00007ffc631d0000 - 0x00007ffc6320b000 	C:\Windows\SYSTEM32\NTASN1.dll
0x00007ffc63100000 - 0x00007ffc63118000 	C:\Windows\SYSTEM32\CRYPTSP.dll
0x00007ffc627b0000 - 0x00007ffc627e8000 	C:\Windows\system32\rsaenh.dll
0x00007ffc63690000 - 0x00007ffc636be000 	C:\Windows\SYSTEM32\USERENV.dll
0x00007ffc630f0000 - 0x00007ffc630fc000 	C:\Windows\SYSTEM32\CRYPTBASE.dll
0x00007ffc62b70000 - 0x00007ffc62bab000 	C:\Windows\SYSTEM32\IPHLPAPI.DLL
0x00007ffc65890000 - 0x00007ffc65898000 	C:\Windows\System32\NSI.dll
0x00007ffc56600000 - 0x00007ffc56617000 	C:\Windows\SYSTEM32\dhcpcsvc6.DLL
0x00007ffc565e0000 - 0x00007ffc565fd000 	C:\Windows\SYSTEM32\dhcpcsvc.DLL
0x00007ffc62bb0000 - 0x00007ffc62c7a000 	C:\Windows\SYSTEM32\DNSAPI.dll
0x0000000075400000 - 0x0000000075426000 	C:\Program Files\Bonjour\mdnsNSP.dll
0x00007ffc4aec0000 - 0x00007ffc4aeca000 	C:\Windows\System32\rasadhlp.dll
0x00007ffc57c20000 - 0x00007ffc57ca0000 	C:\Windows\System32\fwpuclnt.dll
0x00007ffc4b0f0000 - 0x00007ffc4b100000 	C:\Users\Youbitech\Downloads\sonar-scanner-cli-5.0.1.3006-windows\sonar-scanner-5.0.1.3006-windows\jre\bin\verify.dll
0x00007ffc63330000 - 0x00007ffc63342000 	C:\Windows\SYSTEM32\MSASN1.dll
0x00007ffc62010000 - 0x00007ffc62033000 	C:\Windows\SYSTEM32\gpapi.dll
0x00007ffc432e0000 - 0x00007ffc4333c000 	C:\Windows\system32\ncryptprov.dll
0x00007ffc4b520000 - 0x00007ffc4b527000 	C:\Windows\system32\wshunix.dll
0x00007ffc291e0000 - 0x00007ffc2924c000 	C:\Users\Youbitech\.tree-sitter\lib\x86_64-windows-tree-sitter.dll
0x00007ffc29060000 - 0x00007ffc291db000 	C:\Users\Youbitech\.tree-sitter\lib\x86_64-windows-tree-sitter-bash.dll
0x00007ffc5cc50000 - 0x00007ffc5cc59000 	C:\Users\Youbitech\Downloads\sonar-scanner-cli-5.0.1.3006-windows\sonar-scanner-5.0.1.3006-windows\jre\bin\management.dll
0x00007ffc58eb0000 - 0x00007ffc58ebb000 	C:\Users\Youbitech\Downloads\sonar-scanner-cli-5.0.1.3006-windows\sonar-scanner-5.0.1.3006-windows\jre\bin\management_ext.dll
0x00007ffc65b20000 - 0x00007ffc65b28000 	C:\Windows\System32\PSAPI.DLL
0x00007ffbf88d0000 - 0x00007ffbf8a5e000 	C:\Users\Youbitech\Downloads\sonar-scanner-cli-5.0.1.3006-windows\sonar-scanner-5.0.1.3006-windows\jre\bin\awt.dll
0x00007ffc5cd90000 - 0x00007ffc5ce24000 	C:\Windows\SYSTEM32\apphelp.dll
0x00007ffc61160000 - 0x00007ffc611fe000 	C:\Windows\system32\uxtheme.dll
0x00007ffc64170000 - 0x00007ffc64285000 	C:\Windows\System32\MSCTF.dll
0x00007ffc65900000 - 0x00007ffc65a2b000 	C:\Windows\System32\ole32.dll

dbghelp: loaded successfully - version: 4.0.5 - missing functions: none
symbol engine: initialized successfully - sym options: 0x614 - pdb path: .;C:\Users\Youbitech\Downloads\sonar-scanner-cli-5.0.1.3006-windows\sonar-scanner-5.0.1.3006-windows\jre\bin;C:\Windows\SYSTEM32;C:\Program Files\Avast Software\Avast;C:\Windows\WinSxS\amd64_microsoft.windows.common-controls_6595b64144ccf1df_6.0.19041.6456_none_60b8a6cb71f64256;C:\Users\Youbitech\Downloads\sonar-scanner-cli-5.0.1.3006-windows\sonar-scanner-5.0.1.3006-windows\jre\bin\server;C:\Program Files\Bonjour;C:\Users\Youbitech\.tree-sitter\lib

VM Arguments:
jvm_args: -Djava.awt.headless=true -Dscanner.home=C:\Users\Youbitech\Downloads\sonar-scanner-cli-5.0.1.3006-windows\sonar-scanner-5.0.1.3006-windows\bin\.. -Dproject.home=C:\TP\Assistant-therapeutique-main 
java_command: org.sonarsource.scanner.cli.Main
java_class_path (initial): C:\Users\Youbitech\Downloads\sonar-scanner-cli-5.0.1.3006-windows\sonar-scanner-5.0.1.3006-windows\bin\..\lib\sonar-scanner-cli-5.0.1.3006.jar
Launcher Type: SUN_STANDARD

[Global flags]
     intx CICompilerCount                          = 3                                         {product} {ergonomic}
     uint ConcGCThreads                            = 1                                         {product} {ergonomic}
     uint G1ConcRefinementThreads                  = 4                                         {product} {ergonomic}
   size_t G1HeapRegionSize                         = 2097152                                   {product} {ergonomic}
    uintx GCDrainStackTargetSize                   = 64                                        {product} {ergonomic}
   size_t InitialHeapSize                          = 268435456                                 {product} {ergonomic}
   size_t MarkStackSize                            = 4194304                                   {product} {ergonomic}
   size_t MaxHeapSize                              = 4263510016                                {product} {ergonomic}
   size_t MaxNewSize                               = 2556428288                                {product} {ergonomic}
   size_t MinHeapDeltaBytes                        = 2097152                                   {product} {ergonomic}
   size_t MinHeapSize                              = 8388608                                   {product} {ergonomic}
    uintx NonNMethodCodeHeapSize                   = 5832780                                {pd product} {ergonomic}
    uintx NonProfiledCodeHeapSize                  = 122912730                              {pd product} {ergonomic}
    uintx ProfiledCodeHeapSize                     = 122912730                              {pd product} {ergonomic}
    uintx ReservedCodeCacheSize                    = 251658240                              {pd product} {ergonomic}
     bool SegmentedCodeCache                       = true                                      {product} {ergonomic}
   size_t SoftMaxHeapSize                          = 4263510016                             {manageable} {ergonomic}
     bool UseCompressedClassPointers               = true                           {product lp64_product} {ergonomic}
     bool UseCompressedOops                        = true                           {product lp64_product} {ergonomic}
     bool UseG1GC                                  = true                                      {product} {ergonomic}
     bool UseLargePagesIndividualAllocation        = false                                  {pd product} {ergonomic}

Logging:
Log output configuration:
 #0: stdout all=warning uptime,level,tags
 #1: stderr all=off uptime,level,tags

Environment Variables:
JAVA_HOME=C:\Users\Youbitech\Downloads\sonar-scanner-cli-5.0.1.3006-windows\sonar-scanner-5.0.1.3006-windows\bin\..\jre
PATH=C:\Program Files (x86)\VMware\VMware Workstation\bin\;C:\Users\Youbitech\Desktop\bin;C:\Program Files\Common Files\Oracle\Java\javapath;C:\Windows\system32;C:\Windows;C:\Windows\System32\Wbem;C:\Windows\System32\WindowsPowerShell\v1.0\;C:\Windows\System32\OpenSSH\;C:\Program Files\Java\jdk-21\bin;C:\Program Files\Git\cmd;C:\Program Files\nodejs\;C:\Program Files\nodejs;C:\Program Files\Microsoft SQL Server\150\Tools\Binn\;C:\Sparke\spark-3.5.5-bin-hadoop3\bin;C:\Java\openlogic-openjdk-8u432-b06-windows-x64\openlogic-openjdk-8u432-b06-windows-x64\bin;C:\hadoop\hadoop-3.2.0\bin;C:\Windows\System32;C:\Users\Youbitech\AppData\Local\Microsoft\WindowsApps;C:\Program Files\JetBrains\PyCharm Community Edition 2023.3.5\bin;C:\Users\Youbitech\AppData\Local\Programs\Microsoft VS Code\bin;C:\Users\Youbitech\Downloads\jdk-17.0.12_windows-x64_bin\jdk-17.0.12\bin;C:\Users\;C:\Users\Youbitech\Desktop\Tools\apache-maven-3.9.11\bin;C:\Users\Youbitech\Downloads\sonar-scanner-cli-5.0.1.3006-windows\sonar-scanner-5.0.1.3006-windows\bin;C:\Program Files\Microsoft SQL Server\170\Tools\Binn\;C:\Program Files\Microsoft SQL Server\Client SDK\ODBC\170\Tools\Binn\;C:\Program Files\dotnet\;C:\Program Files (x86)\Windows Kits\10\Windows Performance Toolkit\;C:\Program Files (x86)\Intel\Intel(R) Management Engine Components\DAL;C:\Program Files\Intel\Intel(R) Management Engine Components\DAL;C:\Users\Youbitech\AppData\Local\Programs\Python\Python310\Scripts\;C:\Users\Youbitech\AppData\Local\Programs\Python\Python310\;C:\Users\Youbitech\AppData\Local\Programs\Python\Launcher\;C:\Program Files (x86)\VMware\VMware Workstation\bin\;C:\Users\Youbitech\Desktop\bin;C:\Program Files\Common Files\Oracle\Java\javapath;C:\Program Files\Python311\Scripts\;C:\Program Files\Python311\;C:\Windows\system32;C:\Windows;C:\Windows\System32\Wbem;C:\Windows\System32\WindowsPowerShell\v1.0\;C:\Windows\System32\OpenSSH\;C:\Program Files\Java\jdk-21\bin;C:\Program Files\Git\cmd;C:\Program Files\nodejs\;C:\Program File
USERNAME=Youbitech
OS=Windows_NT
PROCESSOR_IDENTIFIER=Intel64 Family 6 Model 78 Stepping 3, GenuineIntel
TMP=C:\Users\YOUBIT~1\AppData\Local\Temp
TEMP=C:\Users\YOUBIT~1\AppData\Local\Temp



---------------  S Y S T E M  ---------------

OS:
 Windows 10 , 64 bit Build 19041 (10.0.19041.5915)
OS uptime: 1 days 0:35 hours

CPU: total 4 (initial active 4) (2 cores per cpu, 2 threads per core) family 6 model 78 stepping 3 microcode 0xf0, cx8, cmov, fxsr, ht, mmx, 3dnowpref, sse, sse2, sse3, ssse3, sse4.1, sse4.2, popcnt, lzcnt, tsc, tscinvbit, avx, avx2, aes, erms, clmul, bmi1, bmi2, adx, fma, vzeroupper, clflush, clflushopt

Memory: 4k page, system-wide physical 16263M (684M free)
TotalPageFile size 24757M (AvailPageFile size 68M)
current process WorkingSet (physical memory assigned to process): 830M, peak: 830M
current process commit charge ("private bytes"): 902M, peak: 1078M

vm_info: OpenJDK 64-Bit Server VM (17.0.7+7) for windows-amd64 JRE (17.0.7+7), built on Apr 18 2023 22:10:42 by "temurin" with MS VC++ 16.7 (VS2019)

END.
